

Microchip MPLAB XC8 Assembler V2.40 build 20220703182018 
                                                                                               Sun Oct 02 13:03:43 2022

Microchip MPLAB XC8 C Compiler v2.40 (Free license) build 20220703182018 Og1 
     1                           	processor	16F877A
     2                           	pagewidth 120
     3                           	opt	flic
     4                           	psect	idataCOMMON,global,class=CODE,delta=2,noexec
     5                           	psect	cinit,global,class=CODE,merge=1,delta=2
     6                           	psect	bssCOMMON,global,class=COMMON,space=1,delta=1,noexec
     7                           	psect	dataCOMMON,global,class=COMMON,space=1,delta=1,noexec
     8                           	psect	cstackCOMMON,global,class=COMMON,space=1,delta=1,noexec
     9                           	psect	cstackBANK0,global,class=BANK0,space=1,delta=1,noexec
    10                           	psect	maintext,global,class=CODE,split=1,delta=2
    11                           	psect	text1,local,class=CODE,merge=1,delta=2
    12                           	psect	text2,local,class=CODE,merge=1,delta=2
    13                           	psect	text3,local,class=CODE,merge=1,delta=2
    14                           	psect	text4,local,class=CODE,merge=1,delta=2
    15                           	psect	text5,local,class=CODE,merge=1,delta=2
    16                           	psect	text6,local,class=CODE,merge=1,delta=2
    17                           	psect	intentry,global,class=CODE,delta=2
    18                           	psect	config,global,abs,ovrld,class=CONFIG,space=4,delta=2,noexec
    19                           	dabs	1,0x7E,2
    20     0000                     
    21                           ; Version 2.20
    22                           ; Generated 12/02/2020 GMT
    23                           ; 
    24                           ; Copyright © 2020, Microchip Technology Inc. and its subsidiaries ("Microchip")
    25                           ; All rights reserved.
    26                           ; 
    27                           ; This software is developed by Microchip Technology Inc. and its subsidiaries ("Microch
      +                          ip").
    28                           ; 
    29                           ; Redistribution and use in source and binary forms, with or without modification, are
    30                           ; permitted provided that the following conditions are met:
    31                           ; 
    32                           ;     1. Redistributions of source code must retain the above copyright notice, this lis
      +                          t of
    33                           ;        conditions and the following disclaimer.
    34                           ; 
    35                           ;     2. Redistributions in binary form must reproduce the above copyright notice, this 
      +                          list
    36                           ;        of conditions and the following disclaimer in the documentation and/or other
    37                           ;        materials provided with the distribution.
    38                           ; 
    39                           ;     3. Microchip's name may not be used to endorse or promote products derived from th
      +                          is
    40                           ;        software without specific prior written permission.
    41                           ; 
    42                           ; THIS SOFTWARE IS PROVIDED BY MICROCHIP "AS IS" AND ANY EXPRESS OR IMPLIED WARRANTIES,
    43                           ; INCLUDING, BUT NOT LIMITED TO, THE IMPLIED WARRANTIES OF MERCHANTABILITY AND FITNESS F
      +                          OR
    44                           ; PURPOSE ARE DISCLAIMED.  IN NO EVENT SHALL MICROCHIP BE LIABLE FOR ANY DIRECT, INDIREC
      +                          T,
    45                           ; INCIDENTAL, SPECIAL, EXEMPLARY, OR CONSEQUENTIAL DAMAGES (INCLUDING BUT NOT LIMITED TO
    46                           ; PROCUREMENT OF SUBSTITUTE GOODS OR SERVICES; LOSS OF USE, DATA OR PROFITS; OR BUSINESS
    47                           ; INTERRUPTION) HOWSOEVER CAUSED AND ON ANY THEORY OF LIABILITY, WHETHER IN CONTRACT, ST
      +                          RICT
    48                           ; LIABILITY, OR TORT (INCLUDING NEGLIGENCE OR OTHERWISE) ARISING IN ANY WAY OUT OF THE U
      +                          SE OF
    49                           ; THIS SOFTWARE, EVEN IF ADVISED OF THE POSSIBILITY OF SUCH DAMAGE.
    50                           ; 
    51                           ; 
    52                           ; Code-generator required, PIC16F877A Definitions
    53                           ; 
    54                           ; SFR Addresses
    55     0000                     	;# 
    56     0001                     	;# 
    57     0002                     	;# 
    58     0003                     	;# 
    59     0004                     	;# 
    60     0005                     	;# 
    61     0006                     	;# 
    62     0007                     	;# 
    63     0008                     	;# 
    64     0009                     	;# 
    65     000A                     	;# 
    66     000B                     	;# 
    67     000C                     	;# 
    68     000D                     	;# 
    69     000E                     	;# 
    70     000E                     	;# 
    71     000F                     	;# 
    72     0010                     	;# 
    73     0011                     	;# 
    74     0012                     	;# 
    75     0013                     	;# 
    76     0014                     	;# 
    77     0015                     	;# 
    78     0015                     	;# 
    79     0016                     	;# 
    80     0017                     	;# 
    81     0018                     	;# 
    82     0019                     	;# 
    83     001A                     	;# 
    84     001B                     	;# 
    85     001B                     	;# 
    86     001C                     	;# 
    87     001D                     	;# 
    88     001E                     	;# 
    89     001F                     	;# 
    90     0081                     	;# 
    91     0085                     	;# 
    92     0086                     	;# 
    93     0087                     	;# 
    94     0088                     	;# 
    95     0089                     	;# 
    96     008C                     	;# 
    97     008D                     	;# 
    98     008E                     	;# 
    99     0091                     	;# 
   100     0092                     	;# 
   101     0093                     	;# 
   102     0094                     	;# 
   103     0098                     	;# 
   104     0099                     	;# 
   105     009C                     	;# 
   106     009D                     	;# 
   107     009E                     	;# 
   108     009F                     	;# 
   109     010C                     	;# 
   110     010D                     	;# 
   111     010E                     	;# 
   112     010F                     	;# 
   113     018C                     	;# 
   114     018D                     	;# 
   115     0000                     	;# 
   116     0001                     	;# 
   117     0002                     	;# 
   118     0003                     	;# 
   119     0004                     	;# 
   120     0005                     	;# 
   121     0006                     	;# 
   122     0007                     	;# 
   123     0008                     	;# 
   124     0009                     	;# 
   125     000A                     	;# 
   126     000B                     	;# 
   127     000C                     	;# 
   128     000D                     	;# 
   129     000E                     	;# 
   130     000E                     	;# 
   131     000F                     	;# 
   132     0010                     	;# 
   133     0011                     	;# 
   134     0012                     	;# 
   135     0013                     	;# 
   136     0014                     	;# 
   137     0015                     	;# 
   138     0015                     	;# 
   139     0016                     	;# 
   140     0017                     	;# 
   141     0018                     	;# 
   142     0019                     	;# 
   143     001A                     	;# 
   144     001B                     	;# 
   145     001B                     	;# 
   146     001C                     	;# 
   147     001D                     	;# 
   148     001E                     	;# 
   149     001F                     	;# 
   150     0081                     	;# 
   151     0085                     	;# 
   152     0086                     	;# 
   153     0087                     	;# 
   154     0088                     	;# 
   155     0089                     	;# 
   156     008C                     	;# 
   157     008D                     	;# 
   158     008E                     	;# 
   159     0091                     	;# 
   160     0092                     	;# 
   161     0093                     	;# 
   162     0094                     	;# 
   163     0098                     	;# 
   164     0099                     	;# 
   165     009C                     	;# 
   166     009D                     	;# 
   167     009E                     	;# 
   168     009F                     	;# 
   169     010C                     	;# 
   170     010D                     	;# 
   171     010E                     	;# 
   172     010F                     	;# 
   173     018C                     	;# 
   174     018D                     	;# 
   175     0000                     	;# 
   176     0001                     	;# 
   177     0002                     	;# 
   178     0003                     	;# 
   179     0004                     	;# 
   180     0005                     	;# 
   181     0006                     	;# 
   182     0007                     	;# 
   183     0008                     	;# 
   184     0009                     	;# 
   185     000A                     	;# 
   186     000B                     	;# 
   187     000C                     	;# 
   188     000D                     	;# 
   189     000E                     	;# 
   190     000E                     	;# 
   191     000F                     	;# 
   192     0010                     	;# 
   193     0011                     	;# 
   194     0012                     	;# 
   195     0013                     	;# 
   196     0014                     	;# 
   197     0015                     	;# 
   198     0015                     	;# 
   199     0016                     	;# 
   200     0017                     	;# 
   201     0018                     	;# 
   202     0019                     	;# 
   203     001A                     	;# 
   204     001B                     	;# 
   205     001B                     	;# 
   206     001C                     	;# 
   207     001D                     	;# 
   208     001E                     	;# 
   209     001F                     	;# 
   210     0081                     	;# 
   211     0085                     	;# 
   212     0086                     	;# 
   213     0087                     	;# 
   214     0088                     	;# 
   215     0089                     	;# 
   216     008C                     	;# 
   217     008D                     	;# 
   218     008E                     	;# 
   219     0091                     	;# 
   220     0092                     	;# 
   221     0093                     	;# 
   222     0094                     	;# 
   223     0098                     	;# 
   224     0099                     	;# 
   225     009C                     	;# 
   226     009D                     	;# 
   227     009E                     	;# 
   228     009F                     	;# 
   229     010C                     	;# 
   230     010D                     	;# 
   231     010E                     	;# 
   232     010F                     	;# 
   233     018C                     	;# 
   234     018D                     	;# 
   235     0000                     	;# 
   236     0001                     	;# 
   237     0002                     	;# 
   238     0003                     	;# 
   239     0004                     	;# 
   240     0005                     	;# 
   241     0006                     	;# 
   242     0007                     	;# 
   243     0008                     	;# 
   244     0009                     	;# 
   245     000A                     	;# 
   246     000B                     	;# 
   247     000C                     	;# 
   248     000D                     	;# 
   249     000E                     	;# 
   250     000E                     	;# 
   251     000F                     	;# 
   252     0010                     	;# 
   253     0011                     	;# 
   254     0012                     	;# 
   255     0013                     	;# 
   256     0014                     	;# 
   257     0015                     	;# 
   258     0015                     	;# 
   259     0016                     	;# 
   260     0017                     	;# 
   261     0018                     	;# 
   262     0019                     	;# 
   263     001A                     	;# 
   264     001B                     	;# 
   265     001B                     	;# 
   266     001C                     	;# 
   267     001D                     	;# 
   268     001E                     	;# 
   269     001F                     	;# 
   270     0081                     	;# 
   271     0085                     	;# 
   272     0086                     	;# 
   273     0087                     	;# 
   274     0088                     	;# 
   275     0089                     	;# 
   276     008C                     	;# 
   277     008D                     	;# 
   278     008E                     	;# 
   279     0091                     	;# 
   280     0092                     	;# 
   281     0093                     	;# 
   282     0094                     	;# 
   283     0098                     	;# 
   284     0099                     	;# 
   285     009C                     	;# 
   286     009D                     	;# 
   287     009E                     	;# 
   288     009F                     	;# 
   289     010C                     	;# 
   290     010D                     	;# 
   291     010E                     	;# 
   292     010F                     	;# 
   293     018C                     	;# 
   294     018D                     	;# 
   295     0000                     	;# 
   296     0001                     	;# 
   297     0002                     	;# 
   298     0003                     	;# 
   299     0004                     	;# 
   300     0005                     	;# 
   301     0006                     	;# 
   302     0007                     	;# 
   303     0008                     	;# 
   304     0009                     	;# 
   305     000A                     	;# 
   306     000B                     	;# 
   307     000C                     	;# 
   308     000D                     	;# 
   309     000E                     	;# 
   310     000E                     	;# 
   311     000F                     	;# 
   312     0010                     	;# 
   313     0011                     	;# 
   314     0012                     	;# 
   315     0013                     	;# 
   316     0014                     	;# 
   317     0015                     	;# 
   318     0015                     	;# 
   319     0016                     	;# 
   320     0017                     	;# 
   321     0018                     	;# 
   322     0019                     	;# 
   323     001A                     	;# 
   324     001B                     	;# 
   325     001B                     	;# 
   326     001C                     	;# 
   327     001D                     	;# 
   328     001E                     	;# 
   329     001F                     	;# 
   330     0081                     	;# 
   331     0085                     	;# 
   332     0086                     	;# 
   333     0087                     	;# 
   334     0088                     	;# 
   335     0089                     	;# 
   336     008C                     	;# 
   337     008D                     	;# 
   338     008E                     	;# 
   339     0091                     	;# 
   340     0092                     	;# 
   341     0093                     	;# 
   342     0094                     	;# 
   343     0098                     	;# 
   344     0099                     	;# 
   345     009C                     	;# 
   346     009D                     	;# 
   347     009E                     	;# 
   348     009F                     	;# 
   349     010C                     	;# 
   350     010D                     	;# 
   351     010E                     	;# 
   352     010F                     	;# 
   353     018C                     	;# 
   354     018D                     	;# 
   355                           
   356                           	psect	idataCOMMON
   357     00EF                     __pidataCOMMON:
   358                           
   359                           ;initializer for _sec
   360     00EF  3405               	retlw	5
   361     00F0  3400               	retlw	0
   362                           
   363                           ;initializer for read_digital_keypad@once
   364     00F1  3401               	retlw	1
   365     0008                     _PORTD	set	8
   366     0001                     _TMR0	set	1
   367     0006                     _PORTB	set	6
   368     005D                     _TMR0IE	set	93
   369     0040                     _RD0	set	64
   370     005F                     _GIE	set	95
   371     005A                     _TMR0IF	set	90
   372     0088                     _TRISD	set	136
   373     0086                     _TRISB	set	134
   374     040B                     _PSA	set	1035
   375     040D                     _T0CS	set	1037
   376                           
   377                           	psect	cinit
   378     000F                     start_initialization:	
   379                           ; #config settings
   380                           
   381     000F                     __initialization:
   382                           
   383                           ; Initialize objects allocated to COMMON
   384     000F  120A  118A  20EF  120A  118A  	fcall	__pidataCOMMON	;fetch initializer
   385     0014  00F9               	movwf	__pdataCOMMON& (0+127)
   386     0015  120A  118A  20F0  120A  118A  	fcall	__pidataCOMMON+1	;fetch initializer
   387     001A  00FA               	movwf	(__pdataCOMMON+1)& (0+127)
   388     001B  120A  118A  20F1  120A  118A  	fcall	__pidataCOMMON+2	;fetch initializer
   389     0020  00FB               	movwf	(__pdataCOMMON+2)& (0+127)
   390                           
   391                           ; Clear objects allocated to COMMON
   392     0021  01F0               	clrf	__pbssCOMMON& (0+127)
   393     0022  01F1               	clrf	(__pbssCOMMON+1)& (0+127)
   394     0023  01F2               	clrf	(__pbssCOMMON+2)& (0+127)
   395     0024  01F3               	clrf	(__pbssCOMMON+3)& (0+127)
   396     0025  01F4               	clrf	(__pbssCOMMON+4)& (0+127)
   397     0026                     end_of_initialization:	
   398                           ;End of C runtime variable initialization code
   399                           
   400     0026                     __end_of__initialization:
   401     0026  0183               	clrf	3
   402     0027  120A  118A  282A   	ljmp	_main	;jump to C main() function
   403                           
   404                           	psect	bssCOMMON
   405     0070                     __pbssCOMMON:
   406     0070                     _duty_cycle:
   407     0070                     	ds	2
   408     0072                     isr@count:
   409     0072                     	ds	2
   410     0074                     software_pwm@loop_counter:
   411     0074                     	ds	1
   412                           
   413                           	psect	dataCOMMON
   414     0079                     __pdataCOMMON:
   415     0079                     _sec:
   416     0079                     	ds	2
   417     007B                     read_digital_keypad@once:
   418     007B                     	ds	1
   419                           
   420                           	psect	cstackCOMMON
   421     0075                     __pcstackCOMMON:
   422     0075                     ?_init_timer0:
   423     0075                     ?_init_digital_keypad:	
   424                           ; 1 bytes @ 0x0
   425                           
   426     0075                     ?_read_digital_keypad:	
   427                           ; 1 bytes @ 0x0
   428                           
   429     0075                     ?_isr:	
   430                           ; 1 bytes @ 0x0
   431                           
   432     0075                     ??_isr:	
   433                           ; 1 bytes @ 0x0
   434                           
   435     0075                     ?_init_config:	
   436                           ; 1 bytes @ 0x0
   437                           
   438     0075                     ?_software_pwm:	
   439                           ; 1 bytes @ 0x0
   440                           
   441     0075                     ?_main:	
   442                           ; 1 bytes @ 0x0
   443                           
   444                           
   445                           ; 1 bytes @ 0x0
   446     0075                     	ds	2
   447     0077                     ??_init_timer0:
   448     0077                     ??_init_digital_keypad:	
   449                           ; 1 bytes @ 0x2
   450                           
   451     0077                     ??_read_digital_keypad:	
   452                           ; 1 bytes @ 0x2
   453                           
   454     0077                     ??_init_config:	
   455                           ; 1 bytes @ 0x2
   456                           
   457     0077                     ??_software_pwm:	
   458                           ; 1 bytes @ 0x2
   459                           
   460                           
   461                           ; 1 bytes @ 0x2
   462     0077                     	ds	1
   463     0078                     read_digital_keypad@mode:
   464                           
   465                           ; 1 bytes @ 0x3
   466     0078                     	ds	1
   467     0079                     ??_main:
   468                           
   469                           	psect	cstackBANK0
   470     0020                     __pcstackBANK0:	
   471                           ; 1 bytes @ 0x4
   472                           
   473     0020                     main@key:
   474                           
   475                           ; 1 bytes @ 0x0
   476     0020                     	ds	1
   477                           
   478                           	psect	maintext
   479     002A                     __pmaintext:	
   480 ;;
   481 ;;Main: autosize = 0, tempsize = 0, incstack = 0, save=0
   482 ;;
   483 ;; *************** function _main *****************
   484 ;; Defined at:
   485 ;;		line 61 in file "main.c"
   486 ;; Parameters:    Size  Location     Type
   487 ;;		None
   488 ;; Auto vars:     Size  Location     Type
   489 ;;  key             1    0[BANK0 ] unsigned char 
   490 ;; Return value:  Size  Location     Type
   491 ;;                  1    wreg      void 
   492 ;; Registers used:
   493 ;;		wreg, status,2, status,0, pclath, cstack
   494 ;; Tracked objects:
   495 ;;		On entry : B00/0
   496 ;;		On exit  : 0/0
   497 ;;		Unchanged: 0/0
   498 ;; Data sizes:     COMMON   BANK0   BANK1   BANK3   BANK2
   499 ;;      Params:         0       0       0       0       0
   500 ;;      Locals:         0       1       0       0       0
   501 ;;      Temps:          0       0       0       0       0
   502 ;;      Totals:         0       1       0       0       0
   503 ;;Total ram usage:        1 bytes
   504 ;; Hardware stack levels required when called: 3
   505 ;; This function calls:
   506 ;;		_init_config
   507 ;;		_read_digital_keypad
   508 ;;		_software_pwm
   509 ;; This function is called by:
   510 ;;		Startup code after reset
   511 ;; This function uses a non-reentrant model
   512 ;;
   513                           
   514     002A                     _main:	
   515                           ;psect for function _main
   516                           
   517     002A                     l883:	
   518                           ;incstack = 0
   519                           ; Regs used in _main: [wreg+status,2+status,0+pclath+cstack]
   520                           
   521                           
   522                           ;main.c: 63:         {;main.c: 65:         }
   523     002A  120A  118A  20CD  120A  118A  	fcall	_init_config
   524     002F                     l66:	
   525                           ;main.c: 67:         software_pwm();
   526                           
   527                           
   528                           ;main.c: 68:     };main.c: 69: 
   529     002F  3001               	movlw	1
   530     0030  120A  118A  205B  120A  118A  	fcall	_read_digital_keypad
   531     0035  1283               	bcf	3,5	;RP0=0, select bank0
   532     0036  1303               	bcf	3,6	;RP1=0, select bank0
   533     0037  00A0               	movwf	main@key
   534     0038                     l885:
   535                           
   536                           ;main.c: 71: }
   537     0038  303E               	movlw	62
   538     0039  0620               	xorwf	main@key,w
   539     003A  1D03               	btfss	3,2
   540     003B  283D               	goto	u261
   541     003C  283E               	goto	u260
   542     003D                     u261:
   543     003D  2840               	goto	l889
   544     003E                     u260:
   545     003E                     l887:
   546     003E  01F9               	clrf	_sec
   547     003F  01FA               	clrf	_sec+1
   548     0040                     l889:
   549     0040  3000               	movlw	0
   550     0041  027A               	subwf	_sec+1,w
   551     0042  3005               	movlw	5
   552     0043  1903               	skipnz
   553     0044  0279               	subwf	_sec,w
   554     0045  1803               	skipnc
   555     0046  2848               	goto	u271
   556     0047  2849               	goto	u270
   557     0048                     u271:
   558     0048  284E               	goto	l893
   559     0049                     u270:
   560     0049                     l891:
   561     0049  3064               	movlw	100
   562     004A  00F0               	movwf	_duty_cycle
   563     004B  3000               	movlw	0
   564     004C  00F1               	movwf	_duty_cycle+1
   565     004D  2852               	goto	l895
   566     004E                     l893:
   567     004E  300A               	movlw	10
   568     004F  00F0               	movwf	_duty_cycle
   569     0050  3000               	movlw	0
   570     0051  00F1               	movwf	_duty_cycle+1
   571     0052                     l895:
   572     0052  120A  118A  20AD  120A  118A  	fcall	_software_pwm
   573     0057  282F               	goto	l66
   574     0058  120A  118A  280C   	ljmp	start
   575     005B                     __end_of_main:
   576                           
   577                           	psect	text1
   578     00AD                     __ptext1:	
   579 ;; *************** function _software_pwm *****************
   580 ;; Defined at:
   581 ;;		line 40 in file "main.c"
   582 ;; Parameters:    Size  Location     Type
   583 ;;		None
   584 ;; Auto vars:     Size  Location     Type
   585 ;;		None
   586 ;; Return value:  Size  Location     Type
   587 ;;                  1    wreg      void 
   588 ;; Registers used:
   589 ;;		wreg, status,2, status,0
   590 ;; Tracked objects:
   591 ;;		On entry : 0/0
   592 ;;		On exit  : 0/0
   593 ;;		Unchanged: 0/0
   594 ;; Data sizes:     COMMON   BANK0   BANK1   BANK3   BANK2
   595 ;;      Params:         0       0       0       0       0
   596 ;;      Locals:         0       0       0       0       0
   597 ;;      Temps:          2       0       0       0       0
   598 ;;      Totals:         2       0       0       0       0
   599 ;;Total ram usage:        2 bytes
   600 ;; Hardware stack levels used: 1
   601 ;; Hardware stack levels required when called: 1
   602 ;; This function calls:
   603 ;;		Nothing
   604 ;; This function is called by:
   605 ;;		_main
   606 ;; This function uses a non-reentrant model
   607 ;;
   608                           
   609     00AD                     _software_pwm:	
   610                           ;psect for function _software_pwm
   611                           
   612     00AD                     l873:	
   613                           ;incstack = 0
   614                           ; Regs used in _software_pwm: [wreg+status,2+status,0]
   615                           
   616                           
   617                           ;main.c: 42: ;main.c: 44: {
   618     00AD  0874               	movf	software_pwm@loop_counter,w
   619     00AE  00F7               	movwf	??_software_pwm
   620     00AF  01F8               	clrf	??_software_pwm+1
   621     00B0  0878               	movf	??_software_pwm+1,w
   622     00B1  0271               	subwf	_duty_cycle+1,w
   623     00B2  1D03               	skipz
   624     00B3  28B6               	goto	u245
   625     00B4  0877               	movf	??_software_pwm,w
   626     00B5  0270               	subwf	_duty_cycle,w
   627     00B6                     u245:
   628     00B6  1C03               	skipc
   629     00B7  28B9               	goto	u241
   630     00B8  28BA               	goto	u240
   631     00B9                     u241:
   632     00B9  28BE               	goto	l58
   633     00BA                     u240:
   634     00BA                     l875:
   635                           
   636                           ;main.c: 45:     unsigned char key;;main.c: 46: 
   637     00BA  1283               	bcf	3,5	;RP0=0, select bank0
   638     00BB  1303               	bcf	3,6	;RP1=0, select bank0
   639     00BC  1408               	bsf	8,0	;volatile
   640                           
   641                           ;main.c: 47:     init_config();
   642     00BD  28C1               	goto	l877
   643     00BE                     l58:	
   644                           ;main.c: 48: 
   645                           
   646                           
   647                           ;main.c: 49:     while (1);main.c: 50:     {
   648     00BE  1283               	bcf	3,5	;RP0=0, select bank0
   649     00BF  1303               	bcf	3,6	;RP1=0, select bank0
   650     00C0  1008               	bcf	8,0	;volatile
   651     00C1                     l877:
   652                           
   653                           ;main.c: 53:         if (key == 0x3E)
   654     00C1  3064               	movlw	100
   655     00C2  0674               	xorwf	software_pwm@loop_counter,w
   656     00C3  1D03               	btfss	3,2
   657     00C4  28C6               	goto	u251
   658     00C5  28C7               	goto	u250
   659     00C6                     u251:
   660     00C6  28C8               	goto	l881
   661     00C7                     u250:
   662     00C7                     l879:
   663                           
   664                           ;main.c: 54:         {;main.c: 55:             sec = 0;
   665     00C7  01F4               	clrf	software_pwm@loop_counter
   666     00C8                     l881:
   667                           
   668                           ;main.c: 58:         if (sec < 5)
   669     00C8  3001               	movlw	1
   670     00C9  00F7               	movwf	??_software_pwm
   671     00CA  0877               	movf	??_software_pwm,w
   672     00CB  07F4               	addwf	software_pwm@loop_counter,f
   673     00CC                     l61:
   674     00CC  0008               	return
   675     00CD                     __end_of_software_pwm:
   676                           
   677                           	psect	text2
   678     005B                     __ptext2:	
   679 ;; *************** function _read_digital_keypad *****************
   680 ;; Defined at:
   681 ;;		line 10 in file "digital_keypad.c"
   682 ;; Parameters:    Size  Location     Type
   683 ;;  mode            1    wreg     unsigned char 
   684 ;; Auto vars:     Size  Location     Type
   685 ;;  mode            1    3[COMMON] unsigned char 
   686 ;; Return value:  Size  Location     Type
   687 ;;                  1    wreg      unsigned char 
   688 ;; Registers used:
   689 ;;		wreg, status,2, status,0
   690 ;; Tracked objects:
   691 ;;		On entry : 0/0
   692 ;;		On exit  : 0/0
   693 ;;		Unchanged: 0/0
   694 ;; Data sizes:     COMMON   BANK0   BANK1   BANK3   BANK2
   695 ;;      Params:         0       0       0       0       0
   696 ;;      Locals:         1       0       0       0       0
   697 ;;      Temps:          1       0       0       0       0
   698 ;;      Totals:         2       0       0       0       0
   699 ;;Total ram usage:        2 bytes
   700 ;; Hardware stack levels used: 1
   701 ;; Hardware stack levels required when called: 1
   702 ;; This function calls:
   703 ;;		Nothing
   704 ;; This function is called by:
   705 ;;		_main
   706 ;; This function uses a non-reentrant model
   707 ;;
   708                           
   709     005B                     _read_digital_keypad:	
   710                           ;psect for function _read_digital_keypad
   711                           
   712                           
   713                           ;incstack = 0
   714                           ; Regs used in _read_digital_keypad: [wreg+status,2+status,0]
   715                           ;read_digital_keypad@mode stored from wreg
   716     005B  00F8               	movwf	read_digital_keypad@mode
   717     005C                     l837:
   718                           
   719                           ;digital_keypad.c: 10: unsigned char read_digital_keypad(unsigned char mode);digital_key
      +                          pad.c: 11: {;digital_keypad.c: 12:     static unsigned char once = 1;;digital_keypad.c: 
      +                          14:     if (mode == 0)
   720     005C  0878               	movf	read_digital_keypad@mode,w
   721     005D  1D03               	btfss	3,2
   722     005E  2860               	goto	u201
   723     005F  2861               	goto	u200
   724     0060                     u201:
   725     0060  2866               	goto	l845
   726     0061                     u200:
   727     0061                     l839:
   728                           
   729                           ;digital_keypad.c: 15:     {;digital_keypad.c: 16:         return PORTB & 0x3F;
   730     0061  1283               	bcf	3,5	;RP0=0, select bank0
   731     0062  1303               	bcf	3,6	;RP1=0, select bank0
   732     0063  0806               	movf	6,w	;volatile
   733     0064  393F               	andlw	63
   734     0065  2884               	goto	l13
   735     0066                     l845:
   736                           
   737                           ;digital_keypad.c: 19:     {;digital_keypad.c: 20:         if (((PORTB & 0x3F) != 0x3F) 
      +                          && once)
   738     0066  303F               	movlw	63
   739     0067  1283               	bcf	3,5	;RP0=0, select bank0
   740     0068  1303               	bcf	3,6	;RP1=0, select bank0
   741     0069  0506               	andwf	6,w	;volatile
   742     006A  00F7               	movwf	??_read_digital_keypad
   743     006B  303F               	movlw	63
   744     006C  0677               	xorwf	??_read_digital_keypad,w
   745     006D  1903               	btfsc	3,2
   746     006E  2870               	goto	u211
   747     006F  2871               	goto	u210
   748     0070                     u211:
   749     0070  2878               	goto	l857
   750     0071                     u210:
   751     0071                     l847:
   752     0071  087B               	movf	read_digital_keypad@once,w
   753     0072  1903               	btfsc	3,2
   754     0073  2875               	goto	u221
   755     0074  2876               	goto	u220
   756     0075                     u221:
   757     0075  2878               	goto	l857
   758     0076                     u220:
   759     0076                     l849:
   760                           
   761                           ;digital_keypad.c: 21:         {;digital_keypad.c: 22:             once = 0;
   762     0076  01FB               	clrf	read_digital_keypad@once
   763     0077  2861               	goto	l839
   764     0078                     l857:
   765     0078  303F               	movlw	63
   766     0079  0506               	andwf	6,w	;volatile
   767     007A  00F7               	movwf	??_read_digital_keypad
   768     007B  303F               	movlw	63
   769     007C  0677               	xorwf	??_read_digital_keypad,w
   770     007D  1D03               	btfss	3,2
   771     007E  2880               	goto	u231
   772     007F  2881               	goto	u230
   773     0080                     u231:
   774     0080  2883               	goto	l861
   775     0081                     u230:
   776     0081                     l859:
   777                           
   778                           ;digital_keypad.c: 27:         {;digital_keypad.c: 28:             once = 1;
   779     0081  01FB               	clrf	read_digital_keypad@once
   780     0082  0AFB               	incf	read_digital_keypad@once,f
   781     0083                     l861:
   782                           
   783                           ;digital_keypad.c: 31:     return 0x3F;
   784     0083  303F               	movlw	63
   785     0084                     l13:
   786     0084  0008               	return
   787     0085                     __end_of_read_digital_keypad:
   788                           
   789                           	psect	text3
   790     00CD                     __ptext3:	
   791 ;; *************** function _init_config *****************
   792 ;; Defined at:
   793 ;;		line 27 in file "main.c"
   794 ;; Parameters:    Size  Location     Type
   795 ;;		None
   796 ;; Auto vars:     Size  Location     Type
   797 ;;		None
   798 ;; Return value:  Size  Location     Type
   799 ;;                  1    wreg      void 
   800 ;; Registers used:
   801 ;;		wreg, status,2, status,0, pclath, cstack
   802 ;; Tracked objects:
   803 ;;		On entry : 0/0
   804 ;;		On exit  : 0/0
   805 ;;		Unchanged: 0/0
   806 ;; Data sizes:     COMMON   BANK0   BANK1   BANK3   BANK2
   807 ;;      Params:         0       0       0       0       0
   808 ;;      Locals:         0       0       0       0       0
   809 ;;      Temps:          0       0       0       0       0
   810 ;;      Totals:         0       0       0       0       0
   811 ;;Total ram usage:        0 bytes
   812 ;; Hardware stack levels used: 1
   813 ;; Hardware stack levels required when called: 2
   814 ;; This function calls:
   815 ;;		_init_digital_keypad
   816 ;;		_init_timer0
   817 ;; This function is called by:
   818 ;;		_main
   819 ;; This function uses a non-reentrant model
   820 ;;
   821                           
   822     00CD                     _init_config:	
   823                           ;psect for function _init_config
   824                           
   825     00CD                     l865:	
   826                           ;incstack = 0
   827                           ; Regs used in _init_config: [wreg+status,2+status,0+pclath+cstack]
   828                           
   829                           
   830                           ;main.c: 30:     else
   831     00CD  1283               	bcf	3,5	;RP0=0, select bank0
   832     00CE  1303               	bcf	3,6	;RP1=0, select bank0
   833     00CF  0188               	clrf	8	;volatile
   834                           
   835                           ;main.c: 31:     {
   836     00D0  1683               	bsf	3,5	;RP0=1, select bank1
   837     00D1  1303               	bcf	3,6	;RP1=0, select bank1
   838     00D2  0188               	clrf	8	;volatile
   839     00D3                     l867:
   840                           
   841                           ;main.c: 33:     }
   842     00D3  120A  118A  20DF  120A  118A  	fcall	_init_timer0
   843     00D8                     l869:
   844                           
   845                           ;main.c: 34: 
   846     00D8  120A  118A  20E9  120A  118A  	fcall	_init_digital_keypad
   847     00DD                     l871:
   848                           
   849                           ;main.c: 37:         loop_counter = 0;
   850     00DD  178B               	bsf	11,7	;volatile
   851     00DE                     l53:
   852     00DE  0008               	return
   853     00DF                     __end_of_init_config:
   854                           
   855                           	psect	text4
   856     00DF                     __ptext4:	
   857 ;; *************** function _init_timer0 *****************
   858 ;; Defined at:
   859 ;;		line 3 in file "timers.c"
   860 ;; Parameters:    Size  Location     Type
   861 ;;		None
   862 ;; Auto vars:     Size  Location     Type
   863 ;;		None
   864 ;; Return value:  Size  Location     Type
   865 ;;                  1    wreg      void 
   866 ;; Registers used:
   867 ;;		wreg
   868 ;; Tracked objects:
   869 ;;		On entry : 0/0
   870 ;;		On exit  : 0/0
   871 ;;		Unchanged: 0/0
   872 ;; Data sizes:     COMMON   BANK0   BANK1   BANK3   BANK2
   873 ;;      Params:         0       0       0       0       0
   874 ;;      Locals:         0       0       0       0       0
   875 ;;      Temps:          0       0       0       0       0
   876 ;;      Totals:         0       0       0       0       0
   877 ;;Total ram usage:        0 bytes
   878 ;; Hardware stack levels used: 1
   879 ;; Hardware stack levels required when called: 1
   880 ;; This function calls:
   881 ;;		Nothing
   882 ;; This function is called by:
   883 ;;		_init_config
   884 ;; This function uses a non-reentrant model
   885 ;;
   886                           
   887     00DF                     _init_timer0:	
   888                           ;psect for function _init_timer0
   889                           
   890     00DF                     l831:	
   891                           ;incstack = 0
   892                           ; Regs used in _init_timer0: [wreg]
   893                           
   894                           
   895                           ;timers.c: 5:     T0CS = 0;
   896     00DF  1683               	bsf	3,5	;RP0=1, select bank1
   897     00E0  1303               	bcf	3,6	;RP1=0, select bank1
   898     00E1  1281               	bcf	1,5	;volatile
   899                           
   900                           ;timers.c: 7:     PSA = 1;
   901     00E2  1581               	bsf	1,3	;volatile
   902     00E3                     l833:
   903                           
   904                           ;timers.c: 9:     TMR0 = 6;
   905     00E3  3006               	movlw	6
   906     00E4  1283               	bcf	3,5	;RP0=0, select bank0
   907     00E5  1303               	bcf	3,6	;RP1=0, select bank0
   908     00E6  0081               	movwf	1	;volatile
   909     00E7                     l835:
   910                           
   911                           ;timers.c: 11:     TMR0IE = 1;
   912     00E7  168B               	bsf	11,5	;volatile
   913     00E8                     l83:
   914     00E8  0008               	return
   915     00E9                     __end_of_init_timer0:
   916                           
   917                           	psect	text5
   918     00E9                     __ptext5:	
   919 ;; *************** function _init_digital_keypad *****************
   920 ;; Defined at:
   921 ;;		line 4 in file "digital_keypad.c"
   922 ;; Parameters:    Size  Location     Type
   923 ;;		None
   924 ;; Auto vars:     Size  Location     Type
   925 ;;		None
   926 ;; Return value:  Size  Location     Type
   927 ;;                  1    wreg      void 
   928 ;; Registers used:
   929 ;;		wreg, status,2
   930 ;; Tracked objects:
   931 ;;		On entry : 0/0
   932 ;;		On exit  : 0/0
   933 ;;		Unchanged: 0/0
   934 ;; Data sizes:     COMMON   BANK0   BANK1   BANK3   BANK2
   935 ;;      Params:         0       0       0       0       0
   936 ;;      Locals:         0       0       0       0       0
   937 ;;      Temps:          0       0       0       0       0
   938 ;;      Totals:         0       0       0       0       0
   939 ;;Total ram usage:        0 bytes
   940 ;; Hardware stack levels used: 1
   941 ;; Hardware stack levels required when called: 1
   942 ;; This function calls:
   943 ;;		Nothing
   944 ;; This function is called by:
   945 ;;		_init_config
   946 ;; This function uses a non-reentrant model
   947 ;;
   948                           
   949     00E9                     _init_digital_keypad:	
   950                           ;psect for function _init_digital_keypad
   951                           
   952     00E9                     l829:	
   953                           ;incstack = 0
   954                           ; Regs used in _init_digital_keypad: [wreg+status,2]
   955                           
   956                           
   957                           ;digital_keypad.c: 7:     TRISB = TRISB | 0x3F;
   958     00E9  1683               	bsf	3,5	;RP0=1, select bank1
   959     00EA  1303               	bcf	3,6	;RP1=0, select bank1
   960     00EB  0806               	movf	6,w	;volatile
   961     00EC  383F               	iorlw	63
   962     00ED  0086               	movwf	6	;volatile
   963     00EE                     l7:
   964     00EE  0008               	return
   965     00EF                     __end_of_init_digital_keypad:
   966                           
   967                           	psect	text6
   968     0085                     __ptext6:	
   969 ;; *************** function _isr *****************
   970 ;; Defined at:
   971 ;;		line 6 in file "isr.c"
   972 ;; Parameters:    Size  Location     Type
   973 ;;		None
   974 ;; Auto vars:     Size  Location     Type
   975 ;;		None
   976 ;; Return value:  Size  Location     Type
   977 ;;                  1    wreg      void 
   978 ;; Registers used:
   979 ;;		wreg, status,2, status,0
   980 ;; Tracked objects:
   981 ;;		On entry : 0/0
   982 ;;		On exit  : 0/0
   983 ;;		Unchanged: 0/0
   984 ;; Data sizes:     COMMON   BANK0   BANK1   BANK3   BANK2
   985 ;;      Params:         0       0       0       0       0
   986 ;;      Locals:         0       0       0       0       0
   987 ;;      Temps:          2       0       0       0       0
   988 ;;      Totals:         2       0       0       0       0
   989 ;;Total ram usage:        2 bytes
   990 ;; Hardware stack levels used: 1
   991 ;; This function calls:
   992 ;;		Nothing
   993 ;; This function is called by:
   994 ;;		Interrupt level 1
   995 ;; This function uses a non-reentrant model
   996 ;;
   997                           
   998     0085                     _isr:	
   999                           ;psect for function _isr
  1000                           
  1001     0085                     i1l805:
  1002                           
  1003                           ;isr.c: 9:     static unsigned int count = 0;;isr.c: 11:     if (TMR0IF == 1)
  1004     0085  1D0B               	btfss	11,2	;volatile
  1005     0086  2888               	goto	u16_21
  1006     0087  2889               	goto	u16_20
  1007     0088                     u16_21:
  1008     0088  28A6               	goto	i1l32
  1009     0089                     u16_20:
  1010     0089                     i1l807:
  1011                           
  1012                           ;isr.c: 12:     {;isr.c: 13:         TMR0 = TMR0 + 8;
  1013     0089  1283               	bcf	3,5	;RP0=0, select bank0
  1014     008A  1303               	bcf	3,6	;RP1=0, select bank0
  1015     008B  0801               	movf	1,w	;volatile
  1016     008C  3E08               	addlw	8
  1017     008D  0081               	movwf	1	;volatile
  1018                           
  1019                           ;isr.c: 14:         if (++count == 20000)
  1020     008E  3001               	movlw	1
  1021     008F  07F2               	addwf	isr@count,f
  1022     0090  1803               	skipnc
  1023     0091  0AF3               	incf	isr@count+1,f
  1024     0092  3000               	movlw	0
  1025     0093  07F3               	addwf	isr@count+1,f
  1026     0094  3020               	movlw	32
  1027     0095  0672               	xorwf	isr@count,w
  1028     0096  304E               	movlw	78
  1029     0097  1903               	skipnz
  1030     0098  0673               	xorwf	isr@count+1,w
  1031     0099  1D03               	btfss	3,2
  1032     009A  289C               	goto	u17_21
  1033     009B  289D               	goto	u17_20
  1034     009C                     u17_21:
  1035     009C  28A5               	goto	i1l813
  1036     009D                     u17_20:
  1037     009D                     i1l809:
  1038                           
  1039                           ;isr.c: 15:         {;isr.c: 16:             count = 0;
  1040     009D  01F2               	clrf	isr@count
  1041     009E  01F3               	clrf	isr@count+1
  1042     009F                     i1l811:
  1043                           
  1044                           ;isr.c: 17:             sec++;
  1045     009F  3001               	movlw	1
  1046     00A0  07F9               	addwf	_sec,f
  1047     00A1  1803               	skipnc
  1048     00A2  0AFA               	incf	_sec+1,f
  1049     00A3  3000               	movlw	0
  1050     00A4  07FA               	addwf	_sec+1,f
  1051     00A5                     i1l813:
  1052                           
  1053                           ;isr.c: 20:         TMR0IF = 0;
  1054     00A5  110B               	bcf	11,2	;volatile
  1055     00A6                     i1l32:
  1056     00A6  0876               	movf	??_isr+1,w
  1057     00A7  008A               	movwf	10
  1058     00A8  0E75               	swapf	??_isr,w
  1059     00A9  0083               	movwf	3
  1060     00AA  0EFE               	swapf	btemp,f
  1061     00AB  0E7E               	swapf	btemp,w
  1062     00AC  0009               	retfie
  1063     00AD                     __end_of_isr:
  1064     007E                     btemp	set	126	;btemp
  1065     007E                     wtemp0	set	126
  1066                           
  1067                           	psect	intentry
  1068     0004                     __pintentry:	
  1069                           ;incstack = 0
  1070                           ; Regs used in _isr: [wreg+status,2+status,0]
  1071                           
  1072     0004                     interrupt_function:
  1073     007E                     saved_w	set	btemp
  1074     0004  00FE               	movwf	btemp
  1075     0005  0E03               	swapf	3,w
  1076     0006  00F5               	movwf	??_isr
  1077     0007  080A               	movf	10,w
  1078     0008  00F6               	movwf	??_isr+1
  1079     0009  120A  118A  2885   	ljmp	_isr
  1080                           
  1081                           	psect	config
  1082                           
  1083                           ;Config register CONFIG @ 0x2007
  1084                           ;	Oscillator Selection bits
  1085                           ;	FOSC = 0x3, unprogrammed default
  1086                           ;	Watchdog Timer Enable bit
  1087                           ;	WDTE = OFF, WDT disabled
  1088                           ;	Power-up Timer Enable bit
  1089                           ;	PWRTE = 0x1, unprogrammed default
  1090                           ;	Brown-out Reset Enable bit
  1091                           ;	BOREN = 0x1, unprogrammed default
  1092                           ;	Low-Voltage (Single-Supply) In-Circuit Serial Programming Enable bit
  1093                           ;	LVP = 0x1, unprogrammed default
  1094                           ;	Data EEPROM Memory Code Protection bit
  1095                           ;	CPD = 0x1, unprogrammed default
  1096                           ;	Flash Program Memory Write Enable bits
  1097                           ;	WRT = 0x3, unprogrammed default
  1098                           ;	In-Circuit Debugger Mode bit
  1099                           ;	DEBUG = 0x1, unprogrammed default
  1100                           ;	Flash Program Memory Code Protection bit
  1101                           ;	CP = 0x1, unprogrammed default
  1102     2007                     	org	8199
  1103     2007  3FFB               	dw	16379

Data Sizes:
    Strings     0
    Constant    0
    Data        3
    BSS         5
    Persistent  0
    Stack       0

Auto Spaces:
    Space          Size  Autos    Used
    COMMON           14      4      12
    BANK0            80      1       1
    BANK1            80      0       0
    BANK3            96      0       0
    BANK2            96      0       0

Pointer List with Targets:

    None.

Critical Paths under _main in COMMON

    _main->_read_digital_keypad
    _main->_software_pwm

Critical Paths under _isr in COMMON

    None.

Critical Paths under _main in BANK0

    None.

Critical Paths under _isr in BANK0

    None.

Critical Paths under _main in BANK1

    None.

Critical Paths under _isr in BANK1

    None.

Critical Paths under _main in BANK3

    None.

Critical Paths under _isr in BANK3

    None.

Critical Paths under _main in BANK2

    None.

Critical Paths under _isr in BANK2

    None.

Call Graph Tables:

 ---------------------------------------------------------------------------------
 (Depth) Function   	        Calls       Base Space   Used Autos Params    Refs
 ---------------------------------------------------------------------------------
 (0) _main                                                 1     1      0      65
                                              0 BANK0      1     1      0
                        _init_config
                _read_digital_keypad
                       _software_pwm
 ---------------------------------------------------------------------------------
 (1) _software_pwm                                         2     2      0       0
                                              2 COMMON     2     2      0
 ---------------------------------------------------------------------------------
 (1) _read_digital_keypad                                  2     2      0      31
                                              2 COMMON     2     2      0
 ---------------------------------------------------------------------------------
 (1) _init_config                                          0     0      0       0
                _init_digital_keypad
                        _init_timer0
 ---------------------------------------------------------------------------------
 (2) _init_timer0                                          0     0      0       0
 ---------------------------------------------------------------------------------
 (2) _init_digital_keypad                                  0     0      0       0
 ---------------------------------------------------------------------------------
 Estimated maximum stack depth 2
 ---------------------------------------------------------------------------------
 (Depth) Function   	        Calls       Base Space   Used Autos Params    Refs
 ---------------------------------------------------------------------------------
 (3) _isr                                                  2     2      0       0
                                              0 COMMON     2     2      0
 ---------------------------------------------------------------------------------
 Estimated maximum stack depth 3
 ---------------------------------------------------------------------------------

 Call Graph Graphs:

 _main (ROOT)
   _init_config
     _init_digital_keypad
     _init_timer0
   _read_digital_keypad
   _software_pwm

 _isr (ROOT)

 Address spaces:
Name               Size   Autos  Total    Cost      Usage
BANK3               60      0       0       9        0.0%
BITBANK3            60      0       0       8        0.0%
SFR3                 0      0       0       4        0.0%
BITSFR3              0      0       0       4        0.0%
BANK2               60      0       0      11        0.0%
BITBANK2            60      0       0      10        0.0%
SFR2                 0      0       0       5        0.0%
BITSFR2              0      0       0       5        0.0%
BANK1               50      0       0       7        0.0%
BITBANK1            50      0       0       6        0.0%
SFR1                 0      0       0       2        0.0%
BITSFR1              0      0       0       2        0.0%
BANK0               50      1       1       5        1.2%
BITBANK0            50      0       0       4        0.0%
SFR0                 0      0       0       1        0.0%
BITSFR0              0      0       0       1        0.0%
COMMON               E      4       C       1       85.7%
BITCOMMON            E      0       0       0        0.0%
CODE                 0      0       0       0        0.0%
DATA                 0      0       D      12        0.0%
ABS                  0      0       D       3        0.0%
NULL                 0      0       0       0        0.0%
STACK                0      0       0       2        0.0%
EEDATA             100      0       0       0        0.0%


Microchip Technology PIC Macro Assembler V2.40 build 20220703182018 
Symbol Table                                                                                   Sun Oct 02 13:03:43 2022

                          l7 00EE                           l13 0084                           l53 00DE  
                         l61 00CC                           l58 00BE                           l66 002F  
                         l83 00E8                          l831 00DF                          l833 00E3  
                        l835 00E7                          l829 00E9                          l861 0083  
                        l845 0066                          l837 005C                          l871 00DD  
                        l847 0071                          l839 0061                          l865 00CD  
                        l849 0076                          l857 0078                          l881 00C8  
                        l873 00AD                          l867 00D3                          l859 0081  
                        l875 00BA                          l891 0049                          l883 002A  
                        l869 00D8                          l877 00C1                          l893 004E  
                        l885 0038                          l879 00C7                          l895 0052  
                        l887 003E                          l889 0040                          _GIE 005F  
                        _RD0 0040                          u200 0061                          u201 0060  
                        u210 0071                          u211 0070                          u220 0076  
                        u221 0075                          u230 0081                          u231 0080  
                        u240 00BA                          u241 00B9                          u250 00C7  
                        u251 00C6                          u260 003E                          u245 00B6  
                        u261 003D                          u270 0049                          u271 0048  
                        _PSA 040B                          _sec 0079                          _isr 0085  
               _software_pwm 00AD        ??_read_digital_keypad 0077                         ?_isr 0075  
                       _T0CS 040D                         i1l32 00A6                         _TMR0 0001  
                       _main 002A                         btemp 007E                         start 000C  
                      ??_isr 0075                        ?_main 0075                 ?_init_config 0075  
                      i1l811 009F                        i1l813 00A5                        i1l805 0085  
                      i1l807 0089                        i1l809 009D                        u16_20 0089  
                      u16_21 0088                        u17_20 009D                        u17_21 009C  
                      _PORTB 0006                        _PORTD 0008                        _TRISB 0086  
                      _TRISD 0088                 ?_init_timer0 0075                        pclath 000A  
                      status 0003                        wtemp0 007E              __initialization 000F  
               __end_of_main 005B                       ??_main 0079                       _TMR0IE 005D  
                     _TMR0IF 005A  __end_of_init_digital_keypad 00EF                 __pdataCOMMON 0079  
                     saved_w 007E      __end_of__initialization 0026               __pcstackCOMMON 0075  
                 __pmaintext 002A                   __pintentry 0004  __end_of_read_digital_keypad 0085  
                    __ptext1 00AD                      __ptext2 005B                      __ptext3 00CD  
                    __ptext4 00DF                      __ptext5 00E9                      __ptext6 0085  
                 _duty_cycle 0070                      main@key 0020         end_of_initialization 0026  
              __pidataCOMMON 00EF                ?_software_pwm 0075          start_initialization 000F  
                __end_of_isr 00AD                ??_init_config 0077               ??_software_pwm 0077  
              ??_init_timer0 0077                  __pbssCOMMON 0070                    ___latbits 0002  
              __pcstackBANK0 0020          __end_of_init_config 00DF          __end_of_init_timer0 00E9  
          interrupt_function 0004          _init_digital_keypad 00E9         __end_of_software_pwm 00CD  
       ?_init_digital_keypad 0075                  _init_config 00CD                  _init_timer0 00DF  
    read_digital_keypad@mode 0078      read_digital_keypad@once 007B        ??_init_digital_keypad 0077  
                   isr@count 0072                     intlevel1 0000     software_pwm@loop_counter 0074  
        _read_digital_keypad 005B         ?_read_digital_keypad 0075  
