

Microchip MPLAB XC8 Assembler V2.40 build 20220703182018 
                                                                                               Sat Oct 01 18:31:21 2022

Microchip MPLAB XC8 C Compiler v2.40 (Free license) build 20220703182018 Og1 
     1                           	processor	16F877A
     2                           	pagewidth 120
     3                           	opt	flic
     4                           	psect	idataCOMMON,global,class=CODE,delta=2,noexec
     5                           	psect	idataBANK0,global,class=CODE,delta=2,noexec
     6                           	psect	cinit,global,class=CODE,merge=1,delta=2
     7                           	psect	bssCOMMON,global,class=COMMON,space=1,delta=1,noexec
     8                           	psect	dataCOMMON,global,class=COMMON,space=1,delta=1,noexec
     9                           	psect	dataBANK0,global,class=BANK0,space=1,delta=1,noexec
    10                           	psect	cstackCOMMON,global,class=COMMON,space=1,delta=1,noexec
    11                           	psect	cstackBANK0,global,class=BANK0,space=1,delta=1,noexec
    12                           	psect	maintext,global,class=CODE,split=1,delta=2
    13                           	psect	text1,local,class=CODE,merge=1,delta=2
    14                           	psect	text2,local,class=CODE,merge=1,delta=2
    15                           	psect	text3,local,class=CODE,merge=1,delta=2
    16                           	psect	text4,local,class=CODE,merge=1,delta=2
    17                           	psect	text5,local,class=CODE,merge=1,delta=2
    18                           	psect	intentry,global,class=CODE,delta=2
    19                           	psect	config,global,abs,ovrld,class=CONFIG,space=4,delta=2,noexec
    20                           	dabs	1,0x7E,2
    21     0000                     
    22                           ; Version 2.20
    23                           ; Generated 12/02/2020 GMT
    24                           ; 
    25                           ; Copyright © 2020, Microchip Technology Inc. and its subsidiaries ("Microchip")
    26                           ; All rights reserved.
    27                           ; 
    28                           ; This software is developed by Microchip Technology Inc. and its subsidiaries ("Microch
      +                          ip").
    29                           ; 
    30                           ; Redistribution and use in source and binary forms, with or without modification, are
    31                           ; permitted provided that the following conditions are met:
    32                           ; 
    33                           ;     1. Redistributions of source code must retain the above copyright notice, this lis
      +                          t of
    34                           ;        conditions and the following disclaimer.
    35                           ; 
    36                           ;     2. Redistributions in binary form must reproduce the above copyright notice, this 
      +                          list
    37                           ;        of conditions and the following disclaimer in the documentation and/or other
    38                           ;        materials provided with the distribution.
    39                           ; 
    40                           ;     3. Microchip's name may not be used to endorse or promote products derived from th
      +                          is
    41                           ;        software without specific prior written permission.
    42                           ; 
    43                           ; THIS SOFTWARE IS PROVIDED BY MICROCHIP "AS IS" AND ANY EXPRESS OR IMPLIED WARRANTIES,
    44                           ; INCLUDING, BUT NOT LIMITED TO, THE IMPLIED WARRANTIES OF MERCHANTABILITY AND FITNESS F
      +                          OR
    45                           ; PURPOSE ARE DISCLAIMED.  IN NO EVENT SHALL MICROCHIP BE LIABLE FOR ANY DIRECT, INDIREC
      +                          T,
    46                           ; INCIDENTAL, SPECIAL, EXEMPLARY, OR CONSEQUENTIAL DAMAGES (INCLUDING BUT NOT LIMITED TO
    47                           ; PROCUREMENT OF SUBSTITUTE GOODS OR SERVICES; LOSS OF USE, DATA OR PROFITS; OR BUSINESS
    48                           ; INTERRUPTION) HOWSOEVER CAUSED AND ON ANY THEORY OF LIABILITY, WHETHER IN CONTRACT, ST
      +                          RICT
    49                           ; LIABILITY, OR TORT (INCLUDING NEGLIGENCE OR OTHERWISE) ARISING IN ANY WAY OUT OF THE U
      +                          SE OF
    50                           ; THIS SOFTWARE, EVEN IF ADVISED OF THE POSSIBILITY OF SUCH DAMAGE.
    51                           ; 
    52                           ; 
    53                           ; Code-generator required, PIC16F877A Definitions
    54                           ; 
    55                           ; SFR Addresses
    56     0000                     	;# 
    57     0001                     	;# 
    58     0002                     	;# 
    59     0003                     	;# 
    60     0004                     	;# 
    61     0005                     	;# 
    62     0006                     	;# 
    63     0007                     	;# 
    64     0008                     	;# 
    65     0009                     	;# 
    66     000A                     	;# 
    67     000B                     	;# 
    68     000C                     	;# 
    69     000D                     	;# 
    70     000E                     	;# 
    71     000E                     	;# 
    72     000F                     	;# 
    73     0010                     	;# 
    74     0011                     	;# 
    75     0012                     	;# 
    76     0013                     	;# 
    77     0014                     	;# 
    78     0015                     	;# 
    79     0015                     	;# 
    80     0016                     	;# 
    81     0017                     	;# 
    82     0018                     	;# 
    83     0019                     	;# 
    84     001A                     	;# 
    85     001B                     	;# 
    86     001B                     	;# 
    87     001C                     	;# 
    88     001D                     	;# 
    89     001E                     	;# 
    90     001F                     	;# 
    91     0081                     	;# 
    92     0085                     	;# 
    93     0086                     	;# 
    94     0087                     	;# 
    95     0088                     	;# 
    96     0089                     	;# 
    97     008C                     	;# 
    98     008D                     	;# 
    99     008E                     	;# 
   100     0091                     	;# 
   101     0092                     	;# 
   102     0093                     	;# 
   103     0094                     	;# 
   104     0098                     	;# 
   105     0099                     	;# 
   106     009C                     	;# 
   107     009D                     	;# 
   108     009E                     	;# 
   109     009F                     	;# 
   110     010C                     	;# 
   111     010D                     	;# 
   112     010E                     	;# 
   113     010F                     	;# 
   114     018C                     	;# 
   115     018D                     	;# 
   116     0000                     	;# 
   117     0001                     	;# 
   118     0002                     	;# 
   119     0003                     	;# 
   120     0004                     	;# 
   121     0005                     	;# 
   122     0006                     	;# 
   123     0007                     	;# 
   124     0008                     	;# 
   125     0009                     	;# 
   126     000A                     	;# 
   127     000B                     	;# 
   128     000C                     	;# 
   129     000D                     	;# 
   130     000E                     	;# 
   131     000E                     	;# 
   132     000F                     	;# 
   133     0010                     	;# 
   134     0011                     	;# 
   135     0012                     	;# 
   136     0013                     	;# 
   137     0014                     	;# 
   138     0015                     	;# 
   139     0015                     	;# 
   140     0016                     	;# 
   141     0017                     	;# 
   142     0018                     	;# 
   143     0019                     	;# 
   144     001A                     	;# 
   145     001B                     	;# 
   146     001B                     	;# 
   147     001C                     	;# 
   148     001D                     	;# 
   149     001E                     	;# 
   150     001F                     	;# 
   151     0081                     	;# 
   152     0085                     	;# 
   153     0086                     	;# 
   154     0087                     	;# 
   155     0088                     	;# 
   156     0089                     	;# 
   157     008C                     	;# 
   158     008D                     	;# 
   159     008E                     	;# 
   160     0091                     	;# 
   161     0092                     	;# 
   162     0093                     	;# 
   163     0094                     	;# 
   164     0098                     	;# 
   165     0099                     	;# 
   166     009C                     	;# 
   167     009D                     	;# 
   168     009E                     	;# 
   169     009F                     	;# 
   170     010C                     	;# 
   171     010D                     	;# 
   172     010E                     	;# 
   173     010F                     	;# 
   174     018C                     	;# 
   175     018D                     	;# 
   176     0000                     	;# 
   177     0001                     	;# 
   178     0002                     	;# 
   179     0003                     	;# 
   180     0004                     	;# 
   181     0005                     	;# 
   182     0006                     	;# 
   183     0007                     	;# 
   184     0008                     	;# 
   185     0009                     	;# 
   186     000A                     	;# 
   187     000B                     	;# 
   188     000C                     	;# 
   189     000D                     	;# 
   190     000E                     	;# 
   191     000E                     	;# 
   192     000F                     	;# 
   193     0010                     	;# 
   194     0011                     	;# 
   195     0012                     	;# 
   196     0013                     	;# 
   197     0014                     	;# 
   198     0015                     	;# 
   199     0015                     	;# 
   200     0016                     	;# 
   201     0017                     	;# 
   202     0018                     	;# 
   203     0019                     	;# 
   204     001A                     	;# 
   205     001B                     	;# 
   206     001B                     	;# 
   207     001C                     	;# 
   208     001D                     	;# 
   209     001E                     	;# 
   210     001F                     	;# 
   211     0081                     	;# 
   212     0085                     	;# 
   213     0086                     	;# 
   214     0087                     	;# 
   215     0088                     	;# 
   216     0089                     	;# 
   217     008C                     	;# 
   218     008D                     	;# 
   219     008E                     	;# 
   220     0091                     	;# 
   221     0092                     	;# 
   222     0093                     	;# 
   223     0094                     	;# 
   224     0098                     	;# 
   225     0099                     	;# 
   226     009C                     	;# 
   227     009D                     	;# 
   228     009E                     	;# 
   229     009F                     	;# 
   230     010C                     	;# 
   231     010D                     	;# 
   232     010E                     	;# 
   233     010F                     	;# 
   234     018C                     	;# 
   235     018D                     	;# 
   236     0000                     	;# 
   237     0001                     	;# 
   238     0002                     	;# 
   239     0003                     	;# 
   240     0004                     	;# 
   241     0005                     	;# 
   242     0006                     	;# 
   243     0007                     	;# 
   244     0008                     	;# 
   245     0009                     	;# 
   246     000A                     	;# 
   247     000B                     	;# 
   248     000C                     	;# 
   249     000D                     	;# 
   250     000E                     	;# 
   251     000E                     	;# 
   252     000F                     	;# 
   253     0010                     	;# 
   254     0011                     	;# 
   255     0012                     	;# 
   256     0013                     	;# 
   257     0014                     	;# 
   258     0015                     	;# 
   259     0015                     	;# 
   260     0016                     	;# 
   261     0017                     	;# 
   262     0018                     	;# 
   263     0019                     	;# 
   264     001A                     	;# 
   265     001B                     	;# 
   266     001B                     	;# 
   267     001C                     	;# 
   268     001D                     	;# 
   269     001E                     	;# 
   270     001F                     	;# 
   271     0081                     	;# 
   272     0085                     	;# 
   273     0086                     	;# 
   274     0087                     	;# 
   275     0088                     	;# 
   276     0089                     	;# 
   277     008C                     	;# 
   278     008D                     	;# 
   279     008E                     	;# 
   280     0091                     	;# 
   281     0092                     	;# 
   282     0093                     	;# 
   283     0094                     	;# 
   284     0098                     	;# 
   285     0099                     	;# 
   286     009C                     	;# 
   287     009D                     	;# 
   288     009E                     	;# 
   289     009F                     	;# 
   290     010C                     	;# 
   291     010D                     	;# 
   292     010E                     	;# 
   293     010F                     	;# 
   294     018C                     	;# 
   295     018D                     	;# 
   296     0000                     	;# 
   297     0001                     	;# 
   298     0002                     	;# 
   299     0003                     	;# 
   300     0004                     	;# 
   301     0005                     	;# 
   302     0006                     	;# 
   303     0007                     	;# 
   304     0008                     	;# 
   305     0009                     	;# 
   306     000A                     	;# 
   307     000B                     	;# 
   308     000C                     	;# 
   309     000D                     	;# 
   310     000E                     	;# 
   311     000E                     	;# 
   312     000F                     	;# 
   313     0010                     	;# 
   314     0011                     	;# 
   315     0012                     	;# 
   316     0013                     	;# 
   317     0014                     	;# 
   318     0015                     	;# 
   319     0015                     	;# 
   320     0016                     	;# 
   321     0017                     	;# 
   322     0018                     	;# 
   323     0019                     	;# 
   324     001A                     	;# 
   325     001B                     	;# 
   326     001B                     	;# 
   327     001C                     	;# 
   328     001D                     	;# 
   329     001E                     	;# 
   330     001F                     	;# 
   331     0081                     	;# 
   332     0085                     	;# 
   333     0086                     	;# 
   334     0087                     	;# 
   335     0088                     	;# 
   336     0089                     	;# 
   337     008C                     	;# 
   338     008D                     	;# 
   339     008E                     	;# 
   340     0091                     	;# 
   341     0092                     	;# 
   342     0093                     	;# 
   343     0094                     	;# 
   344     0098                     	;# 
   345     0099                     	;# 
   346     009C                     	;# 
   347     009D                     	;# 
   348     009E                     	;# 
   349     009F                     	;# 
   350     010C                     	;# 
   351     010D                     	;# 
   352     010E                     	;# 
   353     010F                     	;# 
   354     018C                     	;# 
   355     018D                     	;# 
   356                           
   357                           	psect	idataCOMMON
   358     0112                     __pidataCOMMON:
   359                           
   360                           ;initializer for read_digital_keypad@once
   361     0112  3401               	retlw	1
   362                           
   363                           	psect	idataBANK0
   364     0110                     __pidataBANK0:
   365                           
   366                           ;initializer for _duty_cycle
   367     0110  3432               	retlw	50
   368     0111  3400               	retlw	0
   369     0006                     _PORTB	set	6
   370     0008                     _PORTD	set	8
   371     0040                     _RD0	set	64
   372     005A                     _TMR0IF	set	90
   373     005D                     _TMR0IE	set	93
   374     005F                     _GIE	set	95
   375     0086                     _TRISB	set	134
   376     0088                     _TRISD	set	136
   377     040B                     _PSA	set	1035
   378     040D                     _T0CS	set	1037
   379                           
   380                           	psect	cinit
   381     000F                     start_initialization:	
   382                           ; #config settings
   383                           
   384     000F                     __initialization:
   385                           
   386                           ; Initialize objects allocated to BANK0
   387     000F  120A  118A  2110  120A  118A  	fcall	__pidataBANK0	;fetch initializer
   388     0014  00A5               	movwf	__pdataBANK0& (0+127)
   389     0015  120A  118A  2111  120A  118A  	fcall	__pidataBANK0+1	;fetch initializer
   390     001A  00A6               	movwf	(__pdataBANK0+1)& (0+127)
   391                           
   392                           ; Initialize objects allocated to COMMON
   393     001B  120A  118A  2112  120A  118A  	fcall	__pidataCOMMON	;fetch initializer
   394     0020  00FA               	movwf	__pdataCOMMON& (0+127)
   395                           
   396                           ; Clear objects allocated to COMMON
   397     0021  01F8               	clrf	__pbssCOMMON& (0+127)
   398     0022  01F9               	clrf	(__pbssCOMMON+1)& (0+127)
   399     0023                     end_of_initialization:	
   400                           ;End of C runtime variable initialization code
   401                           
   402     0023                     __end_of__initialization:
   403     0023  0183               	clrf	3
   404     0024  120A  118A  2827   	ljmp	_main	;jump to C main() function
   405                           
   406                           	psect	bssCOMMON
   407     0078                     __pbssCOMMON:
   408     0078                     _loop_counter:
   409     0078                     	ds	2
   410                           
   411                           	psect	dataCOMMON
   412     007A                     __pdataCOMMON:
   413     007A                     read_digital_keypad@once:
   414     007A                     	ds	1
   415                           
   416                           	psect	dataBANK0
   417     0025                     __pdataBANK0:
   418     0025                     _duty_cycle:
   419     0025                     	ds	2
   420                           
   421                           	psect	cstackCOMMON
   422     0070                     __pcstackCOMMON:
   423     0070                     ?_init_timer0:
   424     0070                     ?_init_digital_keypad:	
   425                           ; 1 bytes @ 0x0
   426                           
   427     0070                     ?_read_digital_keypad:	
   428                           ; 1 bytes @ 0x0
   429                           
   430     0070                     ?_init_config:	
   431                           ; 1 bytes @ 0x0
   432                           
   433     0070                     ?_main:	
   434                           ; 1 bytes @ 0x0
   435                           
   436     0070                     ?_isr:	
   437                           ; 1 bytes @ 0x0
   438                           
   439     0070                     ??_isr:	
   440                           ; 1 bytes @ 0x0
   441                           
   442                           
   443                           ; 1 bytes @ 0x0
   444     0070                     	ds	2
   445     0072                     ??_init_timer0:
   446     0072                     ??_init_digital_keypad:	
   447                           ; 1 bytes @ 0x2
   448                           
   449     0072                     ??_read_digital_keypad:	
   450                           ; 1 bytes @ 0x2
   451                           
   452     0072                     ??_init_config:	
   453                           ; 1 bytes @ 0x2
   454                           
   455                           
   456                           ; 1 bytes @ 0x2
   457     0072                     	ds	1
   458     0073                     read_digital_keypad@mode:
   459                           
   460                           ; 1 bytes @ 0x3
   461     0073                     	ds	1
   462     0074                     ??_main:
   463                           
   464                           ; 1 bytes @ 0x4
   465     0074                     	ds	4
   466                           
   467                           	psect	cstackBANK0
   468     0020                     __pcstackBANK0:
   469     0020                     main@wait:
   470                           
   471                           ; 4 bytes @ 0x0
   472     0020                     	ds	4
   473     0024                     main@key:
   474                           
   475                           ; 1 bytes @ 0x4
   476     0024                     	ds	1
   477                           
   478                           	psect	maintext
   479     0027                     __pmaintext:	
   480 ;;
   481 ;;Main: autosize = 0, tempsize = 4, incstack = 0, save=0
   482 ;;
   483 ;; *************** function _main *****************
   484 ;; Defined at:
   485 ;;		line 40 in file "main.c"
   486 ;; Parameters:    Size  Location     Type
   487 ;;		None
   488 ;; Auto vars:     Size  Location     Type
   489 ;;  wait            4    0[BANK0 ] unsigned long 
   490 ;;  key             1    4[BANK0 ] unsigned char 
   491 ;; Return value:  Size  Location     Type
   492 ;;                  1    wreg      void 
   493 ;; Registers used:
   494 ;;		wreg, status,2, status,0, pclath, cstack
   495 ;; Tracked objects:
   496 ;;		On entry : B00/0
   497 ;;		On exit  : 0/0
   498 ;;		Unchanged: 0/0
   499 ;; Data sizes:     COMMON   BANK0   BANK1   BANK3   BANK2
   500 ;;      Params:         0       0       0       0       0
   501 ;;      Locals:         0       5       0       0       0
   502 ;;      Temps:          4       0       0       0       0
   503 ;;      Totals:         4       5       0       0       0
   504 ;;Total ram usage:        9 bytes
   505 ;; Hardware stack levels required when called: 3
   506 ;; This function calls:
   507 ;;		_init_config
   508 ;;		_read_digital_keypad
   509 ;; This function is called by:
   510 ;;		Startup code after reset
   511 ;; This function uses a non-reentrant model
   512 ;;
   513                           
   514     0027                     _main:	
   515                           ;psect for function _main
   516                           
   517     0027                     l782:	
   518                           ;incstack = 0
   519                           ; Regs used in _main: [wreg+status,2+status,0+pclath+cstack]
   520                           
   521                           
   522                           ;main.c: 42:             };main.c: 43:             else if (key == 0x3D)
   523     0027  3000               	movlw	0
   524     0028  1283               	bcf	3,5	;RP0=0, select bank0
   525     0029  1303               	bcf	3,6	;RP1=0, select bank0
   526     002A  00A3               	movwf	main@wait+3
   527     002B  3000               	movlw	0
   528     002C  00A2               	movwf	main@wait+2
   529     002D  3000               	movlw	0
   530     002E  00A1               	movwf	main@wait+1
   531     002F  3000               	movlw	0
   532     0030  00A0               	movwf	main@wait
   533     0031                     l784:
   534                           
   535                           ;main.c: 45: 
   536     0031  120A  118A  20F2  120A  118A  	fcall	_init_config
   537     0036                     l786:
   538                           
   539                           ;main.c: 48:                 {;main.c: 49:                     duty_cycle--;
   540     0036  3000               	movlw	0
   541     0037  120A  118A  209E  120A  118A  	fcall	_read_digital_keypad
   542     003C  1283               	bcf	3,5	;RP0=0, select bank0
   543     003D  1303               	bcf	3,6	;RP1=0, select bank0
   544     003E  00A4               	movwf	main@key
   545     003F                     l788:
   546                           
   547                           ;main.c: 51:             }
   548     003F  3001               	movlw	1
   549     0040  00F4               	movwf	??_main
   550     0041  3000               	movlw	0
   551     0042  00F5               	movwf	??_main+1
   552     0043  3000               	movlw	0
   553     0044  00F6               	movwf	??_main+2
   554     0045  3000               	movlw	0
   555     0046  00F7               	movwf	??_main+3
   556     0047  0874               	movf	??_main,w
   557     0048  02A0               	subwf	main@wait,f
   558     0049  0875               	movf	??_main+1,w
   559     004A  1C03               	skipc
   560     004B  0F75               	incfsz	??_main+1,w
   561     004C  284E               	goto	u185
   562     004D  284F               	goto	u186
   563     004E                     u185:
   564     004E  02A1               	subwf	main@wait+1,f
   565     004F                     u186:
   566     004F  0876               	movf	??_main+2,w
   567     0050  1C03               	skipc
   568     0051  0F76               	incfsz	??_main+2,w
   569     0052  2854               	goto	u187
   570     0053  2855               	goto	u188
   571     0054                     u187:
   572     0054  02A2               	subwf	main@wait+2,f
   573     0055                     u188:
   574     0055  0877               	movf	??_main+3,w
   575     0056  1C03               	skipc
   576     0057  0F77               	incfsz	??_main+3,w
   577     0058  285A               	goto	u189
   578     0059  285B               	goto	u180
   579     005A                     u189:
   580     005A  02A3               	subwf	main@wait+3,f
   581     005B                     u180:
   582     005B  0A20               	incf	main@wait,w
   583     005C  1D03               	skipz
   584     005D  2868               	goto	u191
   585     005E  0A21               	incf	main@wait+1,w
   586     005F  1D03               	skipz
   587     0060  2868               	goto	u191
   588     0061  0A22               	incf	main@wait+2,w
   589     0062  1D03               	skipz
   590     0063  2868               	goto	u191
   591     0064  0A23               	incf	main@wait+3,w
   592     0065  1D03               	btfss	3,2
   593     0066  2868               	goto	u191
   594     0067  2869               	goto	u190
   595     0068                     u191:
   596     0068  2836               	goto	l786
   597     0069                     u190:
   598     0069                     l790:
   599                           
   600                           ;main.c: 52:         };main.c: 53:     }
   601     0069  3000               	movlw	0
   602     006A  1283               	bcf	3,5	;RP0=0, select bank0
   603     006B  1303               	bcf	3,6	;RP1=0, select bank0
   604     006C  00A3               	movwf	main@wait+3
   605     006D  3000               	movlw	0
   606     006E  00A2               	movwf	main@wait+2
   607     006F  3000               	movlw	0
   608     0070  00A1               	movwf	main@wait+1
   609     0071  30FA               	movlw	250
   610     0072  00A0               	movwf	main@wait
   611     0073                     l792:
   612                           
   613                           ;main.c: 55:     return;
   614     0073  303E               	movlw	62
   615     0074  0624               	xorwf	main@key,w
   616     0075  1D03               	btfss	3,2
   617     0076  2878               	goto	u201
   618     0077  2879               	goto	u200
   619     0078                     u201:
   620     0078  2887               	goto	l798
   621     0079                     u200:
   622     0079                     l794:
   623                           
   624                           ;main.c: 56: }
   625     0079  3064               	movlw	100
   626     007A  0625               	xorwf	_duty_cycle,w
   627     007B  0426               	iorwf	_duty_cycle+1,w
   628     007C  1903               	btfsc	3,2
   629     007D  287F               	goto	u211
   630     007E  2880               	goto	u210
   631     007F                     u211:
   632     007F  2836               	goto	l786
   633     0080                     u210:
   634     0080                     l796:
   635     0080  3001               	movlw	1
   636     0081  07A5               	addwf	_duty_cycle,f
   637     0082  1803               	skipnc
   638     0083  0AA6               	incf	_duty_cycle+1,f
   639     0084  3000               	movlw	0
   640     0085  07A6               	addwf	_duty_cycle+1,f
   641     0086  2836               	goto	l786
   642     0087                     l798:
   643     0087  303D               	movlw	61
   644     0088  0624               	xorwf	main@key,w
   645     0089  1D03               	btfss	3,2
   646     008A  288C               	goto	u221
   647     008B  288D               	goto	u220
   648     008C                     u221:
   649     008C  289A               	goto	l23
   650     008D                     u220:
   651     008D                     l800:
   652     008D  0825               	movf	_duty_cycle,w
   653     008E  0426               	iorwf	_duty_cycle+1,w
   654     008F  1903               	btfsc	3,2
   655     0090  2892               	goto	u231
   656     0091  2893               	goto	u230
   657     0092                     u231:
   658     0092  289A               	goto	l23
   659     0093                     u230:
   660     0093                     l802:
   661     0093  3001               	movlw	1
   662     0094  02A5               	subwf	_duty_cycle,f
   663     0095  3000               	movlw	0
   664     0096  1C03               	skipc
   665     0097  03A6               	decf	_duty_cycle+1,f
   666     0098  02A6               	subwf	_duty_cycle+1,f
   667     0099  2836               	goto	l786
   668     009A                     l23:
   669     009A  2836               	goto	l786
   670     009B  120A  118A  280C   	ljmp	start
   671     009E                     __end_of_main:
   672                           
   673                           	psect	text1
   674     009E                     __ptext1:	
   675 ;; *************** function _read_digital_keypad *****************
   676 ;; Defined at:
   677 ;;		line 10 in file "digital_keypad.c"
   678 ;; Parameters:    Size  Location     Type
   679 ;;  mode            1    wreg     unsigned char 
   680 ;; Auto vars:     Size  Location     Type
   681 ;;  mode            1    3[COMMON] unsigned char 
   682 ;; Return value:  Size  Location     Type
   683 ;;                  1    wreg      unsigned char 
   684 ;; Registers used:
   685 ;;		wreg, status,2, status,0
   686 ;; Tracked objects:
   687 ;;		On entry : 0/0
   688 ;;		On exit  : 0/0
   689 ;;		Unchanged: 0/0
   690 ;; Data sizes:     COMMON   BANK0   BANK1   BANK3   BANK2
   691 ;;      Params:         0       0       0       0       0
   692 ;;      Locals:         1       0       0       0       0
   693 ;;      Temps:          1       0       0       0       0
   694 ;;      Totals:         2       0       0       0       0
   695 ;;Total ram usage:        2 bytes
   696 ;; Hardware stack levels used: 1
   697 ;; Hardware stack levels required when called: 1
   698 ;; This function calls:
   699 ;;		Nothing
   700 ;; This function is called by:
   701 ;;		_main
   702 ;; This function uses a non-reentrant model
   703 ;;
   704                           
   705     009E                     _read_digital_keypad:	
   706                           ;psect for function _read_digital_keypad
   707                           
   708                           
   709                           ;incstack = 0
   710                           ; Regs used in _read_digital_keypad: [wreg+status,2+status,0]
   711                           ;read_digital_keypad@mode stored from wreg
   712     009E  00F3               	movwf	read_digital_keypad@mode
   713     009F                     l754:
   714                           
   715                           ;digital_keypad.c: 10: unsigned char read_digital_keypad(unsigned char mode);digital_key
      +                          pad.c: 11: {;digital_keypad.c: 12:     static unsigned char once = 1;;digital_keypad.c: 
      +                          14:     if (mode == 0)
   716     009F  0873               	movf	read_digital_keypad@mode,w
   717     00A0  1D03               	btfss	3,2
   718     00A1  28A3               	goto	u141
   719     00A2  28A4               	goto	u140
   720     00A3                     u141:
   721     00A3  28A9               	goto	l762
   722     00A4                     u140:
   723     00A4                     l756:
   724                           
   725                           ;digital_keypad.c: 15:     {;digital_keypad.c: 16:         return PORTB & 0x3F;
   726     00A4  1283               	bcf	3,5	;RP0=0, select bank0
   727     00A5  1303               	bcf	3,6	;RP1=0, select bank0
   728     00A6  0806               	movf	6,w	;volatile
   729     00A7  393F               	andlw	63
   730     00A8  28C7               	goto	l70
   731     00A9                     l762:
   732                           
   733                           ;digital_keypad.c: 19:     {;digital_keypad.c: 20:         if (((PORTB & 0x3F) != 0x3F) 
      +                          && once)
   734     00A9  303F               	movlw	63
   735     00AA  1283               	bcf	3,5	;RP0=0, select bank0
   736     00AB  1303               	bcf	3,6	;RP1=0, select bank0
   737     00AC  0506               	andwf	6,w	;volatile
   738     00AD  00F2               	movwf	??_read_digital_keypad
   739     00AE  303F               	movlw	63
   740     00AF  0672               	xorwf	??_read_digital_keypad,w
   741     00B0  1903               	btfsc	3,2
   742     00B1  28B3               	goto	u151
   743     00B2  28B4               	goto	u150
   744     00B3                     u151:
   745     00B3  28BB               	goto	l774
   746     00B4                     u150:
   747     00B4                     l764:
   748     00B4  087A               	movf	read_digital_keypad@once,w
   749     00B5  1903               	btfsc	3,2
   750     00B6  28B8               	goto	u161
   751     00B7  28B9               	goto	u160
   752     00B8                     u161:
   753     00B8  28BB               	goto	l774
   754     00B9                     u160:
   755     00B9                     l766:
   756                           
   757                           ;digital_keypad.c: 21:         {;digital_keypad.c: 22:             once = 0;
   758     00B9  01FA               	clrf	read_digital_keypad@once
   759     00BA  28A4               	goto	l756
   760     00BB                     l774:
   761     00BB  303F               	movlw	63
   762     00BC  0506               	andwf	6,w	;volatile
   763     00BD  00F2               	movwf	??_read_digital_keypad
   764     00BE  303F               	movlw	63
   765     00BF  0672               	xorwf	??_read_digital_keypad,w
   766     00C0  1D03               	btfss	3,2
   767     00C1  28C3               	goto	u171
   768     00C2  28C4               	goto	u170
   769     00C3                     u171:
   770     00C3  28C6               	goto	l778
   771     00C4                     u170:
   772     00C4                     l776:
   773                           
   774                           ;digital_keypad.c: 27:         {;digital_keypad.c: 28:             once = 1;
   775     00C4  01FA               	clrf	read_digital_keypad@once
   776     00C5  0AFA               	incf	read_digital_keypad@once,f
   777     00C6                     l778:
   778                           
   779                           ;digital_keypad.c: 31:     return 0x3F;
   780     00C6  303F               	movlw	63
   781     00C7                     l70:
   782     00C7  0008               	return
   783     00C8                     __end_of_read_digital_keypad:
   784                           
   785                           	psect	text2
   786     00F2                     __ptext2:	
   787 ;; *************** function _init_config *****************
   788 ;; Defined at:
   789 ;;		line 27 in file "main.c"
   790 ;; Parameters:    Size  Location     Type
   791 ;;		None
   792 ;; Auto vars:     Size  Location     Type
   793 ;;		None
   794 ;; Return value:  Size  Location     Type
   795 ;;                  1    wreg      void 
   796 ;; Registers used:
   797 ;;		wreg, status,2, status,0, pclath, cstack
   798 ;; Tracked objects:
   799 ;;		On entry : 0/0
   800 ;;		On exit  : 0/0
   801 ;;		Unchanged: 0/0
   802 ;; Data sizes:     COMMON   BANK0   BANK1   BANK3   BANK2
   803 ;;      Params:         0       0       0       0       0
   804 ;;      Locals:         0       0       0       0       0
   805 ;;      Temps:          0       0       0       0       0
   806 ;;      Totals:         0       0       0       0       0
   807 ;;Total ram usage:        0 bytes
   808 ;; Hardware stack levels used: 1
   809 ;; Hardware stack levels required when called: 2
   810 ;; This function calls:
   811 ;;		_init_digital_keypad
   812 ;;		_init_timer0
   813 ;; This function is called by:
   814 ;;		_main
   815 ;; This function uses a non-reentrant model
   816 ;;
   817                           
   818     00F2                     _init_config:	
   819                           ;psect for function _init_config
   820                           
   821     00F2                     l746:	
   822                           ;incstack = 0
   823                           ; Regs used in _init_config: [wreg+status,2+status,0+pclath+cstack]
   824                           
   825                           
   826                           ;main.c: 30:         if (wait-- == 0)
   827     00F2  1283               	bcf	3,5	;RP0=0, select bank0
   828     00F3  1303               	bcf	3,6	;RP1=0, select bank0
   829     00F4  0188               	clrf	8	;volatile
   830                           
   831                           ;main.c: 31:         {
   832     00F5  1683               	bsf	3,5	;RP0=1, select bank1
   833     00F6  1303               	bcf	3,6	;RP1=0, select bank1
   834     00F7  0188               	clrf	8	;volatile
   835     00F8                     l748:
   836                           
   837                           ;main.c: 33: 
   838     00F8  120A  118A  2104  120A  118A  	fcall	_init_timer0
   839     00FD                     l750:
   840                           
   841                           ;main.c: 34:             if (key == 0x3E)
   842     00FD  120A  118A  210A  120A  118A  	fcall	_init_digital_keypad
   843     0102                     l752:
   844                           
   845                           ;main.c: 37: 
   846     0102  178B               	bsf	11,7	;volatile
   847     0103                     l17:
   848     0103  0008               	return
   849     0104                     __end_of_init_config:
   850                           
   851                           	psect	text3
   852     0104                     __ptext3:	
   853 ;; *************** function _init_timer0 *****************
   854 ;; Defined at:
   855 ;;		line 3 in file "timers.c"
   856 ;; Parameters:    Size  Location     Type
   857 ;;		None
   858 ;; Auto vars:     Size  Location     Type
   859 ;;		None
   860 ;; Return value:  Size  Location     Type
   861 ;;                  1    wreg      void 
   862 ;; Registers used:
   863 ;;		None
   864 ;; Tracked objects:
   865 ;;		On entry : 0/0
   866 ;;		On exit  : 0/0
   867 ;;		Unchanged: 0/0
   868 ;; Data sizes:     COMMON   BANK0   BANK1   BANK3   BANK2
   869 ;;      Params:         0       0       0       0       0
   870 ;;      Locals:         0       0       0       0       0
   871 ;;      Temps:          0       0       0       0       0
   872 ;;      Totals:         0       0       0       0       0
   873 ;;Total ram usage:        0 bytes
   874 ;; Hardware stack levels used: 1
   875 ;; Hardware stack levels required when called: 1
   876 ;; This function calls:
   877 ;;		Nothing
   878 ;; This function is called by:
   879 ;;		_init_config
   880 ;; This function uses a non-reentrant model
   881 ;;
   882                           
   883     0104                     _init_timer0:	
   884                           ;psect for function _init_timer0
   885                           
   886     0104                     l742:	
   887                           ;incstack = 0
   888                           ; Regs used in _init_timer0: []
   889                           
   890                           
   891                           ;timers.c: 5:     T0CS = 0;
   892     0104  1683               	bsf	3,5	;RP0=1, select bank1
   893     0105  1303               	bcf	3,6	;RP1=0, select bank1
   894     0106  1281               	bcf	1,5	;volatile
   895                           
   896                           ;timers.c: 7:     PSA = 1;
   897     0107  1581               	bsf	1,3	;volatile
   898                           
   899                           ;timers.c: 9:     TMR0IE = 1;
   900     0108  168B               	bsf	11,5	;volatile
   901     0109                     l40:
   902     0109  0008               	return
   903     010A                     __end_of_init_timer0:
   904                           
   905                           	psect	text4
   906     010A                     __ptext4:	
   907 ;; *************** function _init_digital_keypad *****************
   908 ;; Defined at:
   909 ;;		line 4 in file "digital_keypad.c"
   910 ;; Parameters:    Size  Location     Type
   911 ;;		None
   912 ;; Auto vars:     Size  Location     Type
   913 ;;		None
   914 ;; Return value:  Size  Location     Type
   915 ;;                  1    wreg      void 
   916 ;; Registers used:
   917 ;;		wreg, status,2
   918 ;; Tracked objects:
   919 ;;		On entry : 0/0
   920 ;;		On exit  : 0/0
   921 ;;		Unchanged: 0/0
   922 ;; Data sizes:     COMMON   BANK0   BANK1   BANK3   BANK2
   923 ;;      Params:         0       0       0       0       0
   924 ;;      Locals:         0       0       0       0       0
   925 ;;      Temps:          0       0       0       0       0
   926 ;;      Totals:         0       0       0       0       0
   927 ;;Total ram usage:        0 bytes
   928 ;; Hardware stack levels used: 1
   929 ;; Hardware stack levels required when called: 1
   930 ;; This function calls:
   931 ;;		Nothing
   932 ;; This function is called by:
   933 ;;		_init_config
   934 ;; This function uses a non-reentrant model
   935 ;;
   936                           
   937     010A                     _init_digital_keypad:	
   938                           ;psect for function _init_digital_keypad
   939                           
   940     010A                     l744:	
   941                           ;incstack = 0
   942                           ; Regs used in _init_digital_keypad: [wreg+status,2]
   943                           
   944                           
   945                           ;digital_keypad.c: 7:     TRISB = TRISB | 0x3F;
   946     010A  1683               	bsf	3,5	;RP0=1, select bank1
   947     010B  1303               	bcf	3,6	;RP1=0, select bank1
   948     010C  0806               	movf	6,w	;volatile
   949     010D  383F               	iorlw	63
   950     010E  0086               	movwf	6	;volatile
   951     010F                     l64:
   952     010F  0008               	return
   953     0110                     __end_of_init_digital_keypad:
   954                           
   955                           	psect	text5
   956     00C8                     __ptext5:	
   957 ;; *************** function _isr *****************
   958 ;; Defined at:
   959 ;;		line 7 in file "isr.c"
   960 ;; Parameters:    Size  Location     Type
   961 ;;		None
   962 ;; Auto vars:     Size  Location     Type
   963 ;;		None
   964 ;; Return value:  Size  Location     Type
   965 ;;                  1    wreg      void 
   966 ;; Registers used:
   967 ;;		wreg, status,2, status,0
   968 ;; Tracked objects:
   969 ;;		On entry : 0/0
   970 ;;		On exit  : 0/0
   971 ;;		Unchanged: 0/0
   972 ;; Data sizes:     COMMON   BANK0   BANK1   BANK3   BANK2
   973 ;;      Params:         0       0       0       0       0
   974 ;;      Locals:         0       0       0       0       0
   975 ;;      Temps:          2       0       0       0       0
   976 ;;      Totals:         2       0       0       0       0
   977 ;;Total ram usage:        2 bytes
   978 ;; Hardware stack levels used: 1
   979 ;; This function calls:
   980 ;;		Nothing
   981 ;; This function is called by:
   982 ;;		Interrupt level 1
   983 ;; This function uses a non-reentrant model
   984 ;;
   985                           
   986     00C8                     _isr:	
   987                           ;psect for function _isr
   988                           
   989     00C8                     i1l804:
   990                           
   991                           ;isr.c: 9:     if (TMR0IF == 1)
   992     00C8  1D0B               	btfss	11,2	;volatile
   993     00C9  28CB               	goto	u24_21
   994     00CA  28CC               	goto	u24_20
   995     00CB                     u24_21:
   996     00CB  28EB               	goto	i1l57
   997     00CC                     u24_20:
   998     00CC                     i1l806:
   999                           
  1000                           ;isr.c: 10:     {;isr.c: 11:         if (loop_counter <= duty_cycle)
  1001     00CC  0879               	movf	_loop_counter+1,w
  1002     00CD  1283               	bcf	3,5	;RP0=0, select bank0
  1003     00CE  1303               	bcf	3,6	;RP1=0, select bank0
  1004     00CF  0226               	subwf	_duty_cycle+1,w
  1005     00D0  1D03               	skipz
  1006     00D1  28D4               	goto	u25_25
  1007     00D2  0878               	movf	_loop_counter,w
  1008     00D3  0225               	subwf	_duty_cycle,w
  1009     00D4                     u25_25:
  1010     00D4  1C03               	skipc
  1011     00D5  28D7               	goto	u25_21
  1012     00D6  28D8               	goto	u25_20
  1013     00D7                     u25_21:
  1014     00D7  28DA               	goto	i1l54
  1015     00D8                     u25_20:
  1016     00D8                     i1l808:
  1017                           
  1018                           ;isr.c: 12:         {;isr.c: 13:             RD0 = 1;
  1019     00D8  1408               	bsf	8,0	;volatile
  1020                           
  1021                           ;isr.c: 14:         }
  1022     00D9  28DB               	goto	i1l810
  1023     00DA                     i1l54:	
  1024                           ;isr.c: 15:         else
  1025                           
  1026                           
  1027                           ;isr.c: 16:         {;isr.c: 17:             RD0 = 0;
  1028     00DA  1008               	bcf	8,0	;volatile
  1029     00DB                     i1l810:
  1030                           
  1031                           ;isr.c: 20:         if (loop_counter == 100)
  1032     00DB  3064               	movlw	100
  1033     00DC  0678               	xorwf	_loop_counter,w
  1034     00DD  0479               	iorwf	_loop_counter+1,w
  1035     00DE  1D03               	btfss	3,2
  1036     00DF  28E1               	goto	u26_21
  1037     00E0  28E2               	goto	u26_20
  1038     00E1                     u26_21:
  1039     00E1  28E4               	goto	i1l814
  1040     00E2                     u26_20:
  1041     00E2                     i1l812:
  1042                           
  1043                           ;isr.c: 21:         {;isr.c: 22:             loop_counter = 0;
  1044     00E2  01F8               	clrf	_loop_counter
  1045     00E3  01F9               	clrf	_loop_counter+1
  1046     00E4                     i1l814:
  1047                           
  1048                           ;isr.c: 25:         loop_counter++;
  1049     00E4  3001               	movlw	1
  1050     00E5  07F8               	addwf	_loop_counter,f
  1051     00E6  1803               	skipnc
  1052     00E7  0AF9               	incf	_loop_counter+1,f
  1053     00E8  3000               	movlw	0
  1054     00E9  07F9               	addwf	_loop_counter+1,f
  1055     00EA                     i1l816:
  1056                           
  1057                           ;isr.c: 27:         TMR0IF = 0;
  1058     00EA  110B               	bcf	11,2	;volatile
  1059     00EB                     i1l57:
  1060     00EB  0871               	movf	??_isr+1,w
  1061     00EC  008A               	movwf	10
  1062     00ED  0E70               	swapf	??_isr,w
  1063     00EE  0083               	movwf	3
  1064     00EF  0EFE               	swapf	btemp,f
  1065     00F0  0E7E               	swapf	btemp,w
  1066     00F1  0009               	retfie
  1067     00F2                     __end_of_isr:
  1068     007E                     btemp	set	126	;btemp
  1069     007E                     wtemp0	set	126
  1070                           
  1071                           	psect	intentry
  1072     0004                     __pintentry:	
  1073                           ;incstack = 0
  1074                           ; Regs used in _isr: [wreg+status,2+status,0]
  1075                           
  1076     0004                     interrupt_function:
  1077     007E                     saved_w	set	btemp
  1078     0004  00FE               	movwf	btemp
  1079     0005  0E03               	swapf	3,w
  1080     0006  00F0               	movwf	??_isr
  1081     0007  080A               	movf	10,w
  1082     0008  00F1               	movwf	??_isr+1
  1083     0009  120A  118A  28C8   	ljmp	_isr
  1084                           
  1085                           	psect	config
  1086                           
  1087                           ;Config register CONFIG @ 0x2007
  1088                           ;	Oscillator Selection bits
  1089                           ;	FOSC = 0x3, unprogrammed default
  1090                           ;	Watchdog Timer Enable bit
  1091                           ;	WDTE = OFF, WDT disabled
  1092                           ;	Power-up Timer Enable bit
  1093                           ;	PWRTE = 0x1, unprogrammed default
  1094                           ;	Brown-out Reset Enable bit
  1095                           ;	BOREN = 0x1, unprogrammed default
  1096                           ;	Low-Voltage (Single-Supply) In-Circuit Serial Programming Enable bit
  1097                           ;	LVP = 0x1, unprogrammed default
  1098                           ;	Data EEPROM Memory Code Protection bit
  1099                           ;	CPD = 0x1, unprogrammed default
  1100                           ;	Flash Program Memory Write Enable bits
  1101                           ;	WRT = 0x3, unprogrammed default
  1102                           ;	In-Circuit Debugger Mode bit
  1103                           ;	DEBUG = 0x1, unprogrammed default
  1104                           ;	Flash Program Memory Code Protection bit
  1105                           ;	CP = 0x1, unprogrammed default
  1106     2007                     	org	8199
  1107     2007  3FFB               	dw	16379

Data Sizes:
    Strings     0
    Constant    0
    Data        3
    BSS         2
    Persistent  0
    Stack       0

Auto Spaces:
    Space          Size  Autos    Used
    COMMON           14      8      11
    BANK0            80      5       7
    BANK1            80      0       0
    BANK3            96      0       0
    BANK2            96      0       0

Pointer List with Targets:

    None.

Critical Paths under _main in COMMON

    _main->_read_digital_keypad

Critical Paths under _isr in COMMON

    None.

Critical Paths under _main in BANK0

    None.

Critical Paths under _isr in BANK0

    None.

Critical Paths under _main in BANK1

    None.

Critical Paths under _isr in BANK1

    None.

Critical Paths under _main in BANK3

    None.

Critical Paths under _isr in BANK3

    None.

Critical Paths under _main in BANK2

    None.

Critical Paths under _isr in BANK2

    None.

Call Graph Tables:

 ---------------------------------------------------------------------------------
 (Depth) Function   	        Calls       Base Space   Used Autos Params    Refs
 ---------------------------------------------------------------------------------
 (0) _main                                                 9     9      0      91
                                              4 COMMON     4     4      0
                                              0 BANK0      5     5      0
                        _init_config
                _read_digital_keypad
 ---------------------------------------------------------------------------------
 (1) _read_digital_keypad                                  2     2      0      22
                                              2 COMMON     2     2      0
 ---------------------------------------------------------------------------------
 (1) _init_config                                          0     0      0       0
                _init_digital_keypad
                        _init_timer0
 ---------------------------------------------------------------------------------
 (2) _init_timer0                                          0     0      0       0
 ---------------------------------------------------------------------------------
 (2) _init_digital_keypad                                  0     0      0       0
 ---------------------------------------------------------------------------------
 Estimated maximum stack depth 2
 ---------------------------------------------------------------------------------
 (Depth) Function   	        Calls       Base Space   Used Autos Params    Refs
 ---------------------------------------------------------------------------------
 (3) _isr                                                  2     2      0       0
                                              0 COMMON     2     2      0
 ---------------------------------------------------------------------------------
 Estimated maximum stack depth 3
 ---------------------------------------------------------------------------------

 Call Graph Graphs:

 _main (ROOT)
   _init_config
     _init_digital_keypad
     _init_timer0
   _read_digital_keypad

 _isr (ROOT)

 Address spaces:
Name               Size   Autos  Total    Cost      Usage
BANK3               60      0       0       9        0.0%
BITBANK3            60      0       0       8        0.0%
SFR3                 0      0       0       4        0.0%
BITSFR3              0      0       0       4        0.0%
BANK2               60      0       0      11        0.0%
BITBANK2            60      0       0      10        0.0%
SFR2                 0      0       0       5        0.0%
BITSFR2              0      0       0       5        0.0%
BANK1               50      0       0       7        0.0%
BITBANK1            50      0       0       6        0.0%
SFR1                 0      0       0       2        0.0%
BITSFR1              0      0       0       2        0.0%
BANK0               50      5       7       5        8.8%
BITBANK0            50      0       0       4        0.0%
SFR0                 0      0       0       1        0.0%
BITSFR0              0      0       0       1        0.0%
COMMON               E      8       B       1       78.6%
BITCOMMON            E      0       0       0        0.0%
CODE                 0      0       0       0        0.0%
DATA                 0      0      12      12        0.0%
ABS                  0      0      12       3        0.0%
NULL                 0      0       0       0        0.0%
STACK                0      0       0       2        0.0%
EEDATA             100      0       0       0        0.0%


Microchip Technology PIC Macro Assembler V2.40 build 20220703182018 
Symbol Table                                                                                   Sat Oct 01 18:31:21 2022

                         l23 009A                           l40 0109                           l17 0103  
                         l70 00C7                           l64 010F                          l800 008D  
                        l802 0093                          l742 0104                          l750 00FD  
                        l744 010A                          l752 0102                          l746 00F2  
                        l762 00A9                          l754 009F                          l748 00F8  
                        l764 00B4                          l756 00A4                          l766 00B9  
                        l774 00BB                          l790 0069                          l782 0027  
                        l776 00C4                          l792 0073                          l784 0031  
                        l778 00C6                          l794 0079                          l786 0036  
                        l796 0080                          l788 003F                          l798 0087  
                        _GIE 005F                          _RD0 0040                          u200 0079  
                        u201 0078                          u210 0080                          u211 007F  
                        u140 00A4                          u220 008D                          u141 00A3  
                        u221 008C                          u150 00B4                          u230 0093  
                        u151 00B3                          u231 0092                          u160 00B9  
                        u161 00B8                          u170 00C4                          u171 00C3  
                        u180 005B                          u190 0069                          u191 0068  
                        u185 004E                          u186 004F                          u187 0054  
                        u188 0055                          u189 005A                          _PSA 040B  
                        _isr 00C8        ??_read_digital_keypad 0072                         ?_isr 0070  
                       _T0CS 040D                         i1l54 00DA                         i1l57 00EB  
                       _main 0027                         btemp 007E                         start 000C  
                      ??_isr 0070                        ?_main 0070                        i1l810 00DB  
               ?_init_config 0070                        i1l812 00E2                        i1l804 00C8  
                      i1l814 00E4                        i1l806 00CC                        i1l816 00EA  
                      i1l808 00D8                        u24_20 00CC                        u24_21 00CB  
                      u25_20 00D8                        u25_21 00D7                        u25_25 00D4  
                      u26_20 00E2                        u26_21 00E1                        _PORTB 0006  
                      _PORTD 0008                        _TRISB 0086                        _TRISD 0088  
               ?_init_timer0 0070                        pclath 000A                        status 0003  
                      wtemp0 007E              __initialization 000F                 __end_of_main 009E  
                     ??_main 0074                       _TMR0IE 005D                       _TMR0IF 005A  
__end_of_init_digital_keypad 0110                 __pdataCOMMON 007A                       saved_w 007E  
    __end_of__initialization 0023               __pcstackCOMMON 0070                 __pidataBANK0 0110  
                 __pmaintext 0027                   __pintentry 0004  __end_of_read_digital_keypad 00C8  
                    __ptext1 009E                      __ptext2 00F2                      __ptext3 0104  
                    __ptext4 010A                      __ptext5 00C8                   _duty_cycle 0025  
                    main@key 0024         end_of_initialization 0023                __pidataCOMMON 0112  
        start_initialization 000F                  __end_of_isr 00F2                  __pdataBANK0 0025  
              ??_init_config 0072                ??_init_timer0 0072                  __pbssCOMMON 0078  
                  ___latbits 0002                __pcstackBANK0 0020          __end_of_init_config 0104  
        __end_of_init_timer0 010A            interrupt_function 0004          _init_digital_keypad 010A  
               _loop_counter 0078         ?_init_digital_keypad 0070                  _init_config 00F2  
                _init_timer0 0104      read_digital_keypad@mode 0073      read_digital_keypad@once 007A  
      ??_init_digital_keypad 0072                     main@wait 0020                     intlevel1 0000  
        _read_digital_keypad 009E         ?_read_digital_keypad 0070  
