

Microchip MPLAB XC8 Assembler V2.40 build 20220703182018 
                                                                                               Sun Sep 11 14:05:48 2022

Microchip MPLAB XC8 C Compiler v2.40 (Free license) build 20220703182018 Og1 
     1                           	processor	16F877A
     2                           	pagewidth 120
     3                           	opt	flic
     4                           	psect	idataBANK0,global,class=CODE,delta=2,noexec
     5                           	psect	cinit,global,class=CODE,merge=1,delta=2
     6                           	psect	dataBANK0,global,class=BANK0,space=1,delta=1,noexec
     7                           	psect	inittext,global,class=CODE,delta=2
     8                           	psect	cstackCOMMON,global,class=COMMON,space=1,delta=1,noexec
     9                           	psect	cstackBANK0,global,class=BANK0,space=1,delta=1,noexec
    10                           	psect	maintext,global,class=CODE,split=1,delta=2
    11                           	psect	text1,local,class=CODE,merge=1,delta=2
    12                           	psect	text2,local,class=CODE,merge=1,delta=2
    13                           	psect	text3,local,class=CODE,merge=1,delta=2
    14                           	psect	text4,local,class=CODE,merge=1,delta=2
    15                           	psect	text5,local,class=CODE,merge=1,delta=2
    16                           	psect	text6,local,class=CODE,merge=1,delta=2,group=1
    17                           	psect	config,global,abs,ovrld,class=CONFIG,space=4,delta=2,noexec
    18                           	dabs	1,0x7E,2
    19     0000                     
    20                           ; Version 2.20
    21                           ; Generated 12/02/2020 GMT
    22                           ; 
    23                           ; Copyright © 2020, Microchip Technology Inc. and its subsidiaries ("Microchip")
    24                           ; All rights reserved.
    25                           ; 
    26                           ; This software is developed by Microchip Technology Inc. and its subsidiaries ("Microch
      +                          ip").
    27                           ; 
    28                           ; Redistribution and use in source and binary forms, with or without modification, are
    29                           ; permitted provided that the following conditions are met:
    30                           ; 
    31                           ;     1. Redistributions of source code must retain the above copyright notice, this lis
      +                          t of
    32                           ;        conditions and the following disclaimer.
    33                           ; 
    34                           ;     2. Redistributions in binary form must reproduce the above copyright notice, this 
      +                          list
    35                           ;        of conditions and the following disclaimer in the documentation and/or other
    36                           ;        materials provided with the distribution.
    37                           ; 
    38                           ;     3. Microchip's name may not be used to endorse or promote products derived from th
      +                          is
    39                           ;        software without specific prior written permission.
    40                           ; 
    41                           ; THIS SOFTWARE IS PROVIDED BY MICROCHIP "AS IS" AND ANY EXPRESS OR IMPLIED WARRANTIES,
    42                           ; INCLUDING, BUT NOT LIMITED TO, THE IMPLIED WARRANTIES OF MERCHANTABILITY AND FITNESS F
      +                          OR
    43                           ; PURPOSE ARE DISCLAIMED.  IN NO EVENT SHALL MICROCHIP BE LIABLE FOR ANY DIRECT, INDIREC
      +                          T,
    44                           ; INCIDENTAL, SPECIAL, EXEMPLARY, OR CONSEQUENTIAL DAMAGES (INCLUDING BUT NOT LIMITED TO
    45                           ; PROCUREMENT OF SUBSTITUTE GOODS OR SERVICES; LOSS OF USE, DATA OR PROFITS; OR BUSINESS
    46                           ; INTERRUPTION) HOWSOEVER CAUSED AND ON ANY THEORY OF LIABILITY, WHETHER IN CONTRACT, ST
      +                          RICT
    47                           ; LIABILITY, OR TORT (INCLUDING NEGLIGENCE OR OTHERWISE) ARISING IN ANY WAY OUT OF THE U
      +                          SE OF
    48                           ; THIS SOFTWARE, EVEN IF ADVISED OF THE POSSIBILITY OF SUCH DAMAGE.
    49                           ; 
    50                           ; 
    51                           ; Code-generator required, PIC16F877A Definitions
    52                           ; 
    53                           ; SFR Addresses
    54     0000                     	;# 
    55     0001                     	;# 
    56     0002                     	;# 
    57     0003                     	;# 
    58     0004                     	;# 
    59     0005                     	;# 
    60     0006                     	;# 
    61     0007                     	;# 
    62     0008                     	;# 
    63     0009                     	;# 
    64     000A                     	;# 
    65     000B                     	;# 
    66     000C                     	;# 
    67     000D                     	;# 
    68     000E                     	;# 
    69     000E                     	;# 
    70     000F                     	;# 
    71     0010                     	;# 
    72     0011                     	;# 
    73     0012                     	;# 
    74     0013                     	;# 
    75     0014                     	;# 
    76     0015                     	;# 
    77     0015                     	;# 
    78     0016                     	;# 
    79     0017                     	;# 
    80     0018                     	;# 
    81     0019                     	;# 
    82     001A                     	;# 
    83     001B                     	;# 
    84     001B                     	;# 
    85     001C                     	;# 
    86     001D                     	;# 
    87     001E                     	;# 
    88     001F                     	;# 
    89     0081                     	;# 
    90     0085                     	;# 
    91     0086                     	;# 
    92     0087                     	;# 
    93     0088                     	;# 
    94     0089                     	;# 
    95     008C                     	;# 
    96     008D                     	;# 
    97     008E                     	;# 
    98     0091                     	;# 
    99     0092                     	;# 
   100     0093                     	;# 
   101     0094                     	;# 
   102     0098                     	;# 
   103     0099                     	;# 
   104     009C                     	;# 
   105     009D                     	;# 
   106     009E                     	;# 
   107     009F                     	;# 
   108     010C                     	;# 
   109     010D                     	;# 
   110     010E                     	;# 
   111     010F                     	;# 
   112     018C                     	;# 
   113     018D                     	;# 
   114     0000                     	;# 
   115     0001                     	;# 
   116     0002                     	;# 
   117     0003                     	;# 
   118     0004                     	;# 
   119     0005                     	;# 
   120     0006                     	;# 
   121     0007                     	;# 
   122     0008                     	;# 
   123     0009                     	;# 
   124     000A                     	;# 
   125     000B                     	;# 
   126     000C                     	;# 
   127     000D                     	;# 
   128     000E                     	;# 
   129     000E                     	;# 
   130     000F                     	;# 
   131     0010                     	;# 
   132     0011                     	;# 
   133     0012                     	;# 
   134     0013                     	;# 
   135     0014                     	;# 
   136     0015                     	;# 
   137     0015                     	;# 
   138     0016                     	;# 
   139     0017                     	;# 
   140     0018                     	;# 
   141     0019                     	;# 
   142     001A                     	;# 
   143     001B                     	;# 
   144     001B                     	;# 
   145     001C                     	;# 
   146     001D                     	;# 
   147     001E                     	;# 
   148     001F                     	;# 
   149     0081                     	;# 
   150     0085                     	;# 
   151     0086                     	;# 
   152     0087                     	;# 
   153     0088                     	;# 
   154     0089                     	;# 
   155     008C                     	;# 
   156     008D                     	;# 
   157     008E                     	;# 
   158     0091                     	;# 
   159     0092                     	;# 
   160     0093                     	;# 
   161     0094                     	;# 
   162     0098                     	;# 
   163     0099                     	;# 
   164     009C                     	;# 
   165     009D                     	;# 
   166     009E                     	;# 
   167     009F                     	;# 
   168     010C                     	;# 
   169     010D                     	;# 
   170     010E                     	;# 
   171     010F                     	;# 
   172     018C                     	;# 
   173     018D                     	;# 
   174     0000                     	;# 
   175     0001                     	;# 
   176     0002                     	;# 
   177     0003                     	;# 
   178     0004                     	;# 
   179     0005                     	;# 
   180     0006                     	;# 
   181     0007                     	;# 
   182     0008                     	;# 
   183     0009                     	;# 
   184     000A                     	;# 
   185     000B                     	;# 
   186     000C                     	;# 
   187     000D                     	;# 
   188     000E                     	;# 
   189     000E                     	;# 
   190     000F                     	;# 
   191     0010                     	;# 
   192     0011                     	;# 
   193     0012                     	;# 
   194     0013                     	;# 
   195     0014                     	;# 
   196     0015                     	;# 
   197     0015                     	;# 
   198     0016                     	;# 
   199     0017                     	;# 
   200     0018                     	;# 
   201     0019                     	;# 
   202     001A                     	;# 
   203     001B                     	;# 
   204     001B                     	;# 
   205     001C                     	;# 
   206     001D                     	;# 
   207     001E                     	;# 
   208     001F                     	;# 
   209     0081                     	;# 
   210     0085                     	;# 
   211     0086                     	;# 
   212     0087                     	;# 
   213     0088                     	;# 
   214     0089                     	;# 
   215     008C                     	;# 
   216     008D                     	;# 
   217     008E                     	;# 
   218     0091                     	;# 
   219     0092                     	;# 
   220     0093                     	;# 
   221     0094                     	;# 
   222     0098                     	;# 
   223     0099                     	;# 
   224     009C                     	;# 
   225     009D                     	;# 
   226     009E                     	;# 
   227     009F                     	;# 
   228     010C                     	;# 
   229     010D                     	;# 
   230     010E                     	;# 
   231     010F                     	;# 
   232     018C                     	;# 
   233     018D                     	;# 
   234     0000                     	;# 
   235     0001                     	;# 
   236     0002                     	;# 
   237     0003                     	;# 
   238     0004                     	;# 
   239     0005                     	;# 
   240     0006                     	;# 
   241     0007                     	;# 
   242     0008                     	;# 
   243     0009                     	;# 
   244     000A                     	;# 
   245     000B                     	;# 
   246     000C                     	;# 
   247     000D                     	;# 
   248     000E                     	;# 
   249     000E                     	;# 
   250     000F                     	;# 
   251     0010                     	;# 
   252     0011                     	;# 
   253     0012                     	;# 
   254     0013                     	;# 
   255     0014                     	;# 
   256     0015                     	;# 
   257     0015                     	;# 
   258     0016                     	;# 
   259     0017                     	;# 
   260     0018                     	;# 
   261     0019                     	;# 
   262     001A                     	;# 
   263     001B                     	;# 
   264     001B                     	;# 
   265     001C                     	;# 
   266     001D                     	;# 
   267     001E                     	;# 
   268     001F                     	;# 
   269     0081                     	;# 
   270     0085                     	;# 
   271     0086                     	;# 
   272     0087                     	;# 
   273     0088                     	;# 
   274     0089                     	;# 
   275     008C                     	;# 
   276     008D                     	;# 
   277     008E                     	;# 
   278     0091                     	;# 
   279     0092                     	;# 
   280     0093                     	;# 
   281     0094                     	;# 
   282     0098                     	;# 
   283     0099                     	;# 
   284     009C                     	;# 
   285     009D                     	;# 
   286     009E                     	;# 
   287     009F                     	;# 
   288     010C                     	;# 
   289     010D                     	;# 
   290     010E                     	;# 
   291     010F                     	;# 
   292     018C                     	;# 
   293     018D                     	;# 
   294                           
   295                           	psect	idataBANK0
   296     0616                     __pidataBANK0:
   297                           
   298                           ;initializer for main@F859
   299     0616  343F               	retlw	63
   300     0617  3406               	retlw	6
   301     0618  345B               	retlw	91
   302     0619  344F               	retlw	79
   303     061A  3466               	retlw	102
   304     061B  346D               	retlw	109
   305     061C  347D               	retlw	125
   306     061D  3407               	retlw	7
   307     061E  347F               	retlw	127
   308     061F  346F               	retlw	111
   309     0620  3400               	retlw	0
   310     0621  3400               	retlw	0
   311                           
   312                           ;initializer for read_digital_keypad@once
   313     0622  3401               	retlw	1
   314     0006                     _PORTB	set	6
   315     0008                     _PORTD	set	8
   316     0005                     _PORTA	set	5
   317     0086                     _TRISB	set	134
   318     0085                     _TRISA	set	133
   319     0088                     _TRISD	set	136
   320                           
   321                           	psect	cinit
   322     07EE                     start_initialization:	
   323                           ; #config settings
   324                           
   325     07EE                     __initialization:
   326                           
   327                           ; Initialize objects allocated to BANK0
   328     07EE  1383               	bcf	3,7	;select IRP bank0
   329     07EF  3045               	movlw	low (__pdataBANK0+13)
   330     07F0  00FD               	movwf	btemp+-1
   331     07F1  3006               	movlw	high __pidataBANK0
   332     07F2  00FE               	movwf	btemp
   333     07F3  3016               	movlw	low __pidataBANK0
   334     07F4  00FF               	movwf	btemp+1
   335     07F5  3038               	movlw	low __pdataBANK0
   336     07F6  0084               	movwf	4
   337     07F7  120A  118A  2627  120A  118A  	fcall	init_ram0
   338     07FC                     end_of_initialization:	
   339                           ;End of C runtime variable initialization code
   340                           
   341     07FC                     __end_of__initialization:
   342     07FC  0183               	clrf	3
   343     07FD  120A  118A  2EF0   	ljmp	_main	;jump to C main() function
   344                           
   345                           	psect	dataBANK0
   346     0038                     __pdataBANK0:
   347     0038                     main@F859:
   348     0038                     	ds	12
   349     0044                     read_digital_keypad@once:
   350     0044                     	ds	1
   351                           
   352                           	psect	inittext
   353     0623                     init_fetch0:	
   354                           ;	Called with low address in FSR and high address in W
   355                           
   356     0623  087E               	movf	btemp,w
   357     0624  008A               	movwf	10
   358     0625  087F               	movf	btemp+1,w
   359     0626  0082               	movwf	2
   360     0627                     init_ram0:	
   361                           ;Called with:
   362                           ;	high address of idata address in btemp 
   363                           ;	low address of idata address in btemp+1 
   364                           ;	low address of data in FSR
   365                           ;	high address + 1 of data in btemp-1
   366                           
   367     0627  120A  118A  2623  120A  118A  	fcall	init_fetch0
   368     062C  0080               	movwf	0
   369     062D  0A84               	incf	4,f
   370     062E  0804               	movf	4,w
   371     062F  067D               	xorwf	btemp+-1,w
   372     0630  1903               	btfsc	3,2
   373     0631  3400               	retlw	0
   374     0632  0AFF               	incf	btemp+1,f
   375     0633  1903               	btfsc	3,2
   376     0634  0AFE               	incf	btemp,f
   377     0635  2E27               	goto	init_ram0
   378                           
   379                           	psect	cstackCOMMON
   380     0070                     __pcstackCOMMON:
   381     0070                     ?_init_ssd:
   382     0070                     ??_init_ssd:	
   383                           ; 1 bytes @ 0x0
   384                           
   385     0070                     ?_init_digital_keypad:	
   386                           ; 1 bytes @ 0x0
   387                           
   388     0070                     ??_init_digital_keypad:	
   389                           ; 1 bytes @ 0x0
   390                           
   391     0070                     ?_read_digital_keypad:	
   392                           ; 1 bytes @ 0x0
   393                           
   394     0070                     ??_read_digital_keypad:	
   395                           ; 1 bytes @ 0x0
   396                           
   397     0070                     ?_display:	
   398                           ; 1 bytes @ 0x0
   399                           
   400     0070                     ??_display:	
   401                           ; 1 bytes @ 0x0
   402                           
   403     0070                     ?_init_config:	
   404                           ; 1 bytes @ 0x0
   405                           
   406     0070                     ??_init_config:	
   407                           ; 1 bytes @ 0x0
   408                           
   409     0070                     ?_main:	
   410                           ; 1 bytes @ 0x0
   411                           
   412     0070                     ?___lwmod:	
   413                           ; 1 bytes @ 0x0
   414                           
   415     0070                     ___lwmod@divisor:	
   416                           ; 2 bytes @ 0x0
   417                           
   418                           
   419                           ; 2 bytes @ 0x0
   420     0070                     	ds	1
   421     0071                     read_digital_keypad@mode:
   422                           
   423                           ; 1 bytes @ 0x1
   424     0071                     	ds	1
   425     0072                     ___lwmod@dividend:
   426                           
   427                           ; 2 bytes @ 0x2
   428     0072                     	ds	2
   429     0074                     ??___lwmod:
   430     0074                     display@wait:	
   431                           ; 1 bytes @ 0x4
   432                           
   433                           
   434                           ; 4 bytes @ 0x4
   435     0074                     	ds	1
   436     0075                     ___lwmod@counter:
   437                           
   438                           ; 1 bytes @ 0x5
   439     0075                     	ds	3
   440     0078                     display@data:
   441                           
   442                           ; 1 bytes @ 0x8
   443     0078                     	ds	1
   444     0079                     display@digit:
   445                           
   446                           ; 1 bytes @ 0x9
   447     0079                     	ds	1
   448     007A                     ??_main:
   449                           
   450                           ; 1 bytes @ 0xA
   451     007A                     	ds	4
   452                           
   453                           	psect	cstackBANK0
   454     0020                     __pcstackBANK0:
   455     0020                     main@digit:
   456                           
   457                           ; 12 bytes @ 0x0
   458     0020                     	ds	12
   459     002C                     main@index:
   460                           
   461                           ; 2 bytes @ 0xC
   462     002C                     	ds	2
   463     002E                     main@ssd:
   464                           
   465                           ; 4 bytes @ 0xE
   466     002E                     	ds	4
   467     0032                     main@wait:
   468                           
   469                           ; 1 bytes @ 0x12
   470     0032                     	ds	1
   471     0033                     main@direction_flag:
   472                           
   473                           ; 1 bytes @ 0x13
   474     0033                     	ds	1
   475     0034                     main@key:
   476                           
   477                           ; 1 bytes @ 0x14
   478     0034                     	ds	1
   479     0035                     main@freeze_flag:
   480                           
   481                           ; 1 bytes @ 0x15
   482     0035                     	ds	1
   483     0036                     main@i:
   484                           
   485                           ; 2 bytes @ 0x16
   486     0036                     	ds	2
   487                           
   488                           	psect	maintext
   489     06F0                     __pmaintext:	
   490 ;;
   491 ;;Main: autosize = 0, tempsize = 4, incstack = 0, save=0
   492 ;;
   493 ;; *************** function _main *****************
   494 ;; Defined at:
   495 ;;		line 27 in file "main.c"
   496 ;; Parameters:    Size  Location     Type
   497 ;;		None
   498 ;; Auto vars:     Size  Location     Type
   499 ;;  digit          12    0[BANK0 ] unsigned char [12]
   500 ;;  ssd             4   14[BANK0 ] unsigned char [4]
   501 ;;  i               2   22[BANK0 ] unsigned int 
   502 ;;  index           2   12[BANK0 ] unsigned int 
   503 ;;  freeze_flag     1   21[BANK0 ] unsigned char 
   504 ;;  key             1   20[BANK0 ] unsigned char 
   505 ;;  direction_fl    1   19[BANK0 ] unsigned char 
   506 ;;  wait            1   18[BANK0 ] unsigned char 
   507 ;; Return value:  Size  Location     Type
   508 ;;                  1    wreg      void 
   509 ;; Registers used:
   510 ;;		wreg, fsr0l, fsr0h, status,2, status,0, pclath, cstack
   511 ;; Tracked objects:
   512 ;;		On entry : B00/0
   513 ;;		On exit  : 0/0
   514 ;;		Unchanged: 0/0
   515 ;; Data sizes:     COMMON   BANK0   BANK1   BANK3   BANK2
   516 ;;      Params:         0       0       0       0       0
   517 ;;      Locals:         0      24       0       0       0
   518 ;;      Temps:          4       0       0       0       0
   519 ;;      Totals:         4      24       0       0       0
   520 ;;Total ram usage:       28 bytes
   521 ;; Hardware stack levels required when called: 2
   522 ;; This function calls:
   523 ;;		___lwmod
   524 ;;		_display
   525 ;;		_init_config
   526 ;;		_read_digital_keypad
   527 ;; This function is called by:
   528 ;;		Startup code after reset
   529 ;; This function uses a non-reentrant model
   530 ;;
   531                           
   532     06F0                     _main:	
   533                           ;psect for function _main
   534                           
   535     06F0                     l878:	
   536                           ;incstack = 0
   537                           ; Regs used in _main: [wreg-fsr0h+status,2+status,0+pclath+cstack]
   538                           
   539                           
   540                           ;main.c: 30:         {;main.c: 31:             direction_flag = 0;
   541     06F0  3020               	movlw	main@digit& (0+255)
   542     06F1  0084               	movwf	4
   543     06F2  3038               	movlw	low main@F859
   544     06F3  00FA               	movwf	??_main
   545     06F4  0804               	movf	4,w
   546     06F5  00FB               	movwf	??_main+1
   547     06F6  300C               	movlw	12
   548     06F7  00FC               	movwf	??_main+2
   549     06F8                     u420:
   550     06F8  087A               	movf	??_main,w
   551     06F9  0084               	movwf	4
   552     06FA  1383               	bcf	3,7	;select IRP bank0
   553     06FB  0800               	movf	0,w
   554     06FC  00FD               	movwf	??_main+3
   555     06FD  0AFA               	incf	??_main,f
   556     06FE  087B               	movf	??_main+1,w
   557     06FF  0084               	movwf	4
   558     0700  087D               	movf	??_main+3,w
   559     0701  0080               	movwf	0
   560     0702  0AFB               	incf	??_main+1,f
   561     0703  0BFC               	decfsz	??_main+2,f
   562     0704  2EF8               	goto	u420
   563     0705                     l880:
   564                           
   565                           ;main.c: 33: 
   566     0705  1283               	bcf	3,5	;RP0=0, select bank0
   567     0706  1303               	bcf	3,6	;RP1=0, select bank0
   568     0707  01B6               	clrf	main@i
   569     0708  01B7               	clrf	main@i+1
   570     0709                     l882:
   571                           
   572                           ;main.c: 34:         else if (key == 0x3D)
   573     0709  01B2               	clrf	main@wait
   574     070A                     l884:
   575                           
   576                           ;main.c: 35:         {
   577     070A  01B3               	clrf	main@direction_flag
   578     070B                     l886:
   579                           
   580                           ;main.c: 36:             direction_flag = 1;
   581     070B  01B5               	clrf	main@freeze_flag
   582     070C                     l888:
   583                           
   584                           ;main.c: 37:         };main.c: 38: ;main.c: 40:         {
   585     070C  120A  118A  25FF  120A  118A  	fcall	_init_config
   586     0711                     l890:
   587                           
   588                           ;main.c: 42:             index = i;;main.c: 43:         }
   589     0711  3001               	movlw	1
   590     0712  120A  118A  2636  120A  118A  	fcall	_read_digital_keypad
   591     0717  1283               	bcf	3,5	;RP0=0, select bank0
   592     0718  1303               	bcf	3,6	;RP1=0, select bank0
   593     0719  00B4               	movwf	main@key
   594     071A                     l892:
   595                           
   596                           ;main.c: 46:         if (wait++ == 80)
   597     071A  303E               	movlw	62
   598     071B  0634               	xorwf	main@key,w
   599     071C  1D03               	btfss	3,2
   600     071D  2F1F               	goto	u431
   601     071E  2F20               	goto	u430
   602     071F                     u431:
   603     071F  2F22               	goto	l896
   604     0720                     u430:
   605     0720                     l894:
   606                           
   607                           ;main.c: 47:         {;main.c: 48:             wait = 0;
   608     0720  01B3               	clrf	main@direction_flag
   609                           
   610                           ;main.c: 49:             if (freeze_flag == 0)
   611     0721  2F2A               	goto	l900
   612     0722                     l896:
   613     0722  303D               	movlw	61
   614     0723  0634               	xorwf	main@key,w
   615     0724  1D03               	btfss	3,2
   616     0725  2F27               	goto	u441
   617     0726  2F28               	goto	u440
   618     0727                     u441:
   619     0727  2F2A               	goto	l900
   620     0728                     u440:
   621     0728                     l898:
   622                           
   623                           ;main.c: 52:                 {;main.c: 53:                     if (i++ == 13)
   624     0728  01B3               	clrf	main@direction_flag
   625     0729  0AB3               	incf	main@direction_flag,f
   626     072A                     l900:
   627                           
   628                           ;main.c: 56:                     }
   629     072A  303B               	movlw	59
   630     072B  0634               	xorwf	main@key,w
   631     072C  1D03               	btfss	3,2
   632     072D  2F2F               	goto	u451
   633     072E  2F30               	goto	u450
   634     072F                     u451:
   635     072F  2F3C               	goto	l906
   636     0730                     u450:
   637     0730                     l902:
   638                           
   639                           ;main.c: 57:                 };main.c: 58:                 else if (direction_flag == 1)
   640     0730  0835               	movf	main@freeze_flag,w
   641     0731  1903               	btfsc	3,2
   642     0732  2F34               	goto	u461
   643     0733  2F36               	goto	u460
   644     0734                     u461:
   645     0734  3001               	movlw	1
   646     0735  2F37               	goto	u470
   647     0736                     u460:
   648     0736  3000               	movlw	0
   649     0737                     u470:
   650     0737  00B5               	movwf	main@freeze_flag
   651     0738                     l904:
   652                           
   653                           ;main.c: 59:                 {
   654     0738  0837               	movf	main@i+1,w
   655     0739  00AD               	movwf	main@index+1
   656     073A  0836               	movf	main@i,w
   657     073B  00AC               	movwf	main@index
   658     073C                     l906:
   659                           
   660                           ;main.c: 63:                     }
   661     073C  3001               	movlw	1
   662     073D  00FA               	movwf	??_main
   663     073E  087A               	movf	??_main,w
   664     073F  07B2               	addwf	main@wait,f
   665     0740  3051               	movlw	81
   666     0741  0632               	xorwf	main@wait,w
   667     0742  1D03               	btfss	3,2
   668     0743  2F45               	goto	u481
   669     0744  2F46               	goto	u480
   670     0745                     u481:
   671     0745  2F84               	goto	l928
   672     0746                     u480:
   673     0746                     l908:
   674                           
   675                           ;main.c: 64:                 };main.c: 65:             }
   676     0746  01B2               	clrf	main@wait
   677     0747                     l910:
   678                           
   679                           ;main.c: 66:             else if (freeze_flag == 1)
   680     0747  0835               	movf	main@freeze_flag,w
   681     0748  1D03               	btfss	3,2
   682     0749  2F4B               	goto	u491
   683     074A  2F4C               	goto	u490
   684     074B                     u491:
   685     074B  2F7A               	goto	l924
   686     074C                     u490:
   687     074C                     l912:
   688                           
   689                           ;main.c: 67:             {;main.c: 68:                 i = index;
   690     074C  0833               	movf	main@direction_flag,w
   691     074D  1D03               	btfss	3,2
   692     074E  2F50               	goto	u501
   693     074F  2F51               	goto	u500
   694     0750                     u501:
   695     0750  2F61               	goto	l918
   696     0751                     u500:
   697     0751                     l914:
   698                           
   699                           ;main.c: 69:             };main.c: 70:         }
   700     0751  3001               	movlw	1
   701     0752  07B6               	addwf	main@i,f
   702     0753  1803               	skipnc
   703     0754  0AB7               	incf	main@i+1,f
   704     0755  3000               	movlw	0
   705     0756  07B7               	addwf	main@i+1,f
   706     0757  300E               	movlw	14
   707     0758  0636               	xorwf	main@i,w
   708     0759  0437               	iorwf	main@i+1,w
   709     075A  1D03               	btfss	3,2
   710     075B  2F5D               	goto	u511
   711     075C  2F5E               	goto	u510
   712     075D                     u511:
   713     075D  2F84               	goto	l928
   714     075E                     u510:
   715     075E                     l916:
   716                           
   717                           ;main.c: 71: ;main.c: 72: 
   718     075E  01B6               	clrf	main@i
   719     075F  01B7               	clrf	main@i+1
   720     0760  2F84               	goto	l928
   721     0761                     l918:
   722     0761  0333               	decf	main@direction_flag,w
   723     0762  1D03               	btfss	3,2
   724     0763  2F65               	goto	u521
   725     0764  2F66               	goto	u520
   726     0765                     u521:
   727     0765  2F84               	goto	l30
   728     0766                     u520:
   729     0766                     l920:
   730                           
   731                           ;main.c: 76:         ssd[3] = digit[(i + 3) % 12];;main.c: 77: 
   732     0766  3001               	movlw	1
   733     0767  02B6               	subwf	main@i,f
   734     0768  3000               	movlw	0
   735     0769  1C03               	skipc
   736     076A  03B7               	decf	main@i+1,f
   737     076B  02B7               	subwf	main@i+1,f
   738     076C  30FE               	movlw	254
   739     076D  0636               	xorwf	main@i,w
   740     076E  1D03               	skipz
   741     076F  2F74               	goto	u531
   742     0770  0A37               	incf	main@i+1,w
   743     0771  1D03               	btfss	3,2
   744     0772  2F74               	goto	u531
   745     0773  2F75               	goto	u530
   746     0774                     u531:
   747     0774  2F84               	goto	l30
   748     0775                     u530:
   749     0775                     l922:
   750                           
   751                           ;main.c: 78:         display(ssd);;main.c: 79:     }
   752     0775  300C               	movlw	12
   753     0776  00B6               	movwf	main@i
   754     0777  3000               	movlw	0
   755     0778  00B7               	movwf	main@i+1
   756     0779  2F84               	goto	l928
   757     077A                     l924:
   758     077A  0335               	decf	main@freeze_flag,w
   759     077B  1D03               	btfss	3,2
   760     077C  2F7E               	goto	u541
   761     077D  2F7F               	goto	u540
   762     077E                     u541:
   763     077E  2F84               	goto	l928
   764     077F                     u540:
   765     077F                     l926:
   766     077F  082D               	movf	main@index+1,w
   767     0780  00B7               	movwf	main@i+1
   768     0781  082C               	movf	main@index,w
   769     0782  00B6               	movwf	main@i
   770     0783  2F84               	goto	l928
   771     0784                     l30:
   772     0784                     l928:
   773     0784  300C               	movlw	12
   774     0785  00F0               	movwf	___lwmod@divisor
   775     0786  3000               	movlw	0
   776     0787  00F1               	movwf	___lwmod@divisor+1
   777     0788  0837               	movf	main@i+1,w
   778     0789  00F3               	movwf	___lwmod@dividend+1
   779     078A  0836               	movf	main@i,w
   780     078B  00F2               	movwf	___lwmod@dividend
   781     078C  120A  118A  2660  120A  118A  	fcall	___lwmod
   782     0791  0870               	movf	?___lwmod,w
   783     0792  3E20               	addlw	(low (main@digit| 0))& (0+255)
   784     0793  0084               	movwf	4
   785     0794  1383               	bcf	3,7	;select IRP bank0
   786     0795  0800               	movf	0,w
   787     0796  1283               	bcf	3,5	;RP0=0, select bank0
   788     0797  1303               	bcf	3,6	;RP1=0, select bank0
   789     0798  00AE               	movwf	main@ssd
   790     0799                     l930:
   791     0799  300C               	movlw	12
   792     079A  00F0               	movwf	___lwmod@divisor
   793     079B  3000               	movlw	0
   794     079C  00F1               	movwf	___lwmod@divisor+1
   795     079D  0836               	movf	main@i,w
   796     079E  3E01               	addlw	1
   797     079F  00F2               	movwf	___lwmod@dividend
   798     07A0  0837               	movf	main@i+1,w
   799     07A1  1803               	skipnc
   800     07A2  3E01               	addlw	1
   801     07A3  3E00               	addlw	0
   802     07A4  00F3               	movwf	___lwmod@dividend+1
   803     07A5  120A  118A  2660  120A  118A  	fcall	___lwmod
   804     07AA  0870               	movf	?___lwmod,w
   805     07AB  3E20               	addlw	(low (main@digit| 0))& (0+255)
   806     07AC  0084               	movwf	4
   807     07AD  1383               	bcf	3,7	;select IRP bank0
   808     07AE  0800               	movf	0,w
   809     07AF  1283               	bcf	3,5	;RP0=0, select bank0
   810     07B0  1303               	bcf	3,6	;RP1=0, select bank0
   811     07B1  00AF               	movwf	main@ssd+1
   812     07B2                     l932:
   813     07B2  300C               	movlw	12
   814     07B3  00F0               	movwf	___lwmod@divisor
   815     07B4  3000               	movlw	0
   816     07B5  00F1               	movwf	___lwmod@divisor+1
   817     07B6  0836               	movf	main@i,w
   818     07B7  3E02               	addlw	2
   819     07B8  00F2               	movwf	___lwmod@dividend
   820     07B9  0837               	movf	main@i+1,w
   821     07BA  1803               	skipnc
   822     07BB  3E01               	addlw	1
   823     07BC  3E00               	addlw	0
   824     07BD  00F3               	movwf	___lwmod@dividend+1
   825     07BE  120A  118A  2660  120A  118A  	fcall	___lwmod
   826     07C3  0870               	movf	?___lwmod,w
   827     07C4  3E20               	addlw	(low (main@digit| 0))& (0+255)
   828     07C5  0084               	movwf	4
   829     07C6  1383               	bcf	3,7	;select IRP bank0
   830     07C7  0800               	movf	0,w
   831     07C8  1283               	bcf	3,5	;RP0=0, select bank0
   832     07C9  1303               	bcf	3,6	;RP1=0, select bank0
   833     07CA  00B0               	movwf	main@ssd+2
   834     07CB                     l934:
   835     07CB  300C               	movlw	12
   836     07CC  00F0               	movwf	___lwmod@divisor
   837     07CD  3000               	movlw	0
   838     07CE  00F1               	movwf	___lwmod@divisor+1
   839     07CF  0836               	movf	main@i,w
   840     07D0  3E03               	addlw	3
   841     07D1  00F2               	movwf	___lwmod@dividend
   842     07D2  0837               	movf	main@i+1,w
   843     07D3  1803               	skipnc
   844     07D4  3E01               	addlw	1
   845     07D5  3E00               	addlw	0
   846     07D6  00F3               	movwf	___lwmod@dividend+1
   847     07D7  120A  118A  2660  120A  118A  	fcall	___lwmod
   848     07DC  0870               	movf	?___lwmod,w
   849     07DD  3E20               	addlw	(low (main@digit| 0))& (0+255)
   850     07DE  0084               	movwf	4
   851     07DF  1383               	bcf	3,7	;select IRP bank0
   852     07E0  0800               	movf	0,w
   853     07E1  1283               	bcf	3,5	;RP0=0, select bank0
   854     07E2  1303               	bcf	3,6	;RP1=0, select bank0
   855     07E3  00B1               	movwf	main@ssd+3
   856     07E4                     l936:
   857     07E4  302E               	movlw	(low (main@ssd| 0))& (0+255)
   858     07E5  120A  118A  269A  120A  118A  	fcall	_display
   859     07EA  2F11               	goto	l890
   860     07EB  120A  118A  2800   	ljmp	start
   861     07EE                     __end_of_main:
   862                           
   863                           	psect	text1
   864     0636                     __ptext1:	
   865 ;; *************** function _read_digital_keypad *****************
   866 ;; Defined at:
   867 ;;		line 10 in file "digital_keypad.c"
   868 ;; Parameters:    Size  Location     Type
   869 ;;  mode            1    wreg     unsigned char 
   870 ;; Auto vars:     Size  Location     Type
   871 ;;  mode            1    1[COMMON] unsigned char 
   872 ;; Return value:  Size  Location     Type
   873 ;;                  1    wreg      unsigned char 
   874 ;; Registers used:
   875 ;;		wreg, status,2, status,0
   876 ;; Tracked objects:
   877 ;;		On entry : 0/0
   878 ;;		On exit  : 0/0
   879 ;;		Unchanged: 0/0
   880 ;; Data sizes:     COMMON   BANK0   BANK1   BANK3   BANK2
   881 ;;      Params:         0       0       0       0       0
   882 ;;      Locals:         1       0       0       0       0
   883 ;;      Temps:          1       0       0       0       0
   884 ;;      Totals:         2       0       0       0       0
   885 ;;Total ram usage:        2 bytes
   886 ;; Hardware stack levels used: 1
   887 ;; This function calls:
   888 ;;		Nothing
   889 ;; This function is called by:
   890 ;;		_main
   891 ;; This function uses a non-reentrant model
   892 ;;
   893                           
   894     0636                     _read_digital_keypad:	
   895                           ;psect for function _read_digital_keypad
   896                           
   897                           
   898                           ;incstack = 0
   899                           ; Regs used in _read_digital_keypad: [wreg+status,2+status,0]
   900                           ;read_digital_keypad@mode stored from wreg
   901     0636  00F1               	movwf	read_digital_keypad@mode
   902     0637                     l810:
   903                           
   904                           ;digital_keypad.c: 10: unsigned char read_digital_keypad(unsigned char mode);digital_key
      +                          pad.c: 11: {;digital_keypad.c: 12:     static unsigned char once = 1;;digital_keypad.c: 
      +                          14:     if (mode == 0)
   905     0637  0871               	movf	read_digital_keypad@mode,w
   906     0638  1D03               	btfss	3,2
   907     0639  2E3B               	goto	u281
   908     063A  2E3C               	goto	u280
   909     063B                     u281:
   910     063B  2E41               	goto	l818
   911     063C                     u280:
   912     063C                     l812:
   913                           
   914                           ;digital_keypad.c: 15:     {;digital_keypad.c: 16:         return PORTB & 0x3F;
   915     063C  1283               	bcf	3,5	;RP0=0, select bank0
   916     063D  1303               	bcf	3,6	;RP1=0, select bank0
   917     063E  0806               	movf	6,w	;volatile
   918     063F  393F               	andlw	63
   919     0640  2E5F               	goto	l66
   920     0641                     l818:
   921                           
   922                           ;digital_keypad.c: 19:     {;digital_keypad.c: 20:         if (((PORTB & 0x3F) != 0x3F) 
      +                          && once)
   923     0641  303F               	movlw	63
   924     0642  1283               	bcf	3,5	;RP0=0, select bank0
   925     0643  1303               	bcf	3,6	;RP1=0, select bank0
   926     0644  0506               	andwf	6,w	;volatile
   927     0645  00F0               	movwf	??_read_digital_keypad
   928     0646  303F               	movlw	63
   929     0647  0670               	xorwf	??_read_digital_keypad,w
   930     0648  1903               	btfsc	3,2
   931     0649  2E4B               	goto	u291
   932     064A  2E4C               	goto	u290
   933     064B                     u291:
   934     064B  2E53               	goto	l830
   935     064C                     u290:
   936     064C                     l820:
   937     064C  0844               	movf	read_digital_keypad@once,w
   938     064D  1903               	btfsc	3,2
   939     064E  2E50               	goto	u301
   940     064F  2E51               	goto	u300
   941     0650                     u301:
   942     0650  2E53               	goto	l830
   943     0651                     u300:
   944     0651                     l822:
   945                           
   946                           ;digital_keypad.c: 21:         {;digital_keypad.c: 22:             once = 0;
   947     0651  01C4               	clrf	read_digital_keypad@once
   948     0652  2E3C               	goto	l812
   949     0653                     l830:
   950     0653  303F               	movlw	63
   951     0654  0506               	andwf	6,w	;volatile
   952     0655  00F0               	movwf	??_read_digital_keypad
   953     0656  303F               	movlw	63
   954     0657  0670               	xorwf	??_read_digital_keypad,w
   955     0658  1D03               	btfss	3,2
   956     0659  2E5B               	goto	u311
   957     065A  2E5C               	goto	u310
   958     065B                     u311:
   959     065B  2E5E               	goto	l834
   960     065C                     u310:
   961     065C                     l832:
   962                           
   963                           ;digital_keypad.c: 27:         {;digital_keypad.c: 28:             once = 1;
   964     065C  01C4               	clrf	read_digital_keypad@once
   965     065D  0AC4               	incf	read_digital_keypad@once,f
   966     065E                     l834:
   967                           
   968                           ;digital_keypad.c: 31:     return 0x3F;
   969     065E  303F               	movlw	63
   970     065F                     l66:
   971     065F  0008               	return
   972     0660                     __end_of_read_digital_keypad:
   973                           
   974                           	psect	text2
   975     05FF                     __ptext2:	
   976 ;; *************** function _init_config *****************
   977 ;; Defined at:
   978 ;;		line 21 in file "main.c"
   979 ;; Parameters:    Size  Location     Type
   980 ;;		None
   981 ;; Auto vars:     Size  Location     Type
   982 ;;		None
   983 ;; Return value:  Size  Location     Type
   984 ;;                  1    wreg      void 
   985 ;; Registers used:
   986 ;;		wreg, status,2, status,0, pclath, cstack
   987 ;; Tracked objects:
   988 ;;		On entry : 0/0
   989 ;;		On exit  : 0/0
   990 ;;		Unchanged: 0/0
   991 ;; Data sizes:     COMMON   BANK0   BANK1   BANK3   BANK2
   992 ;;      Params:         0       0       0       0       0
   993 ;;      Locals:         0       0       0       0       0
   994 ;;      Temps:          0       0       0       0       0
   995 ;;      Totals:         0       0       0       0       0
   996 ;;Total ram usage:        0 bytes
   997 ;; Hardware stack levels used: 1
   998 ;; Hardware stack levels required when called: 1
   999 ;; This function calls:
  1000 ;;		_init_digital_keypad
  1001 ;;		_init_ssd
  1002 ;; This function is called by:
  1003 ;;		_main
  1004 ;; This function uses a non-reentrant model
  1005 ;;
  1006                           
  1007     05FF                     _init_config:	
  1008                           ;psect for function _init_config
  1009                           
  1010     05FF                     l808:	
  1011                           ;incstack = 0
  1012                           ; Regs used in _init_config: [wreg+status,2+status,0+pclath+cstack]
  1013                           
  1014                           
  1015                           ;main.c: 23:     init_config();
  1016     05FF  120A  118A  260A  120A  118A  	fcall	_init_ssd
  1017                           
  1018                           ;main.c: 24:     while (1)
  1019     0604  120A  118A  25F9  120A  118A  	fcall	_init_digital_keypad
  1020     0609                     l11:
  1021     0609  0008               	return
  1022     060A                     __end_of_init_config:
  1023                           
  1024                           	psect	text3
  1025     060A                     __ptext3:	
  1026 ;; *************** function _init_ssd *****************
  1027 ;; Defined at:
  1028 ;;		line 4 in file "ssd.c"
  1029 ;; Parameters:    Size  Location     Type
  1030 ;;		None
  1031 ;; Auto vars:     Size  Location     Type
  1032 ;;		None
  1033 ;; Return value:  Size  Location     Type
  1034 ;;                  1    wreg      void 
  1035 ;; Registers used:
  1036 ;;		wreg, status,2
  1037 ;; Tracked objects:
  1038 ;;		On entry : 0/0
  1039 ;;		On exit  : 0/0
  1040 ;;		Unchanged: 0/0
  1041 ;; Data sizes:     COMMON   BANK0   BANK1   BANK3   BANK2
  1042 ;;      Params:         0       0       0       0       0
  1043 ;;      Locals:         0       0       0       0       0
  1044 ;;      Temps:          0       0       0       0       0
  1045 ;;      Totals:         0       0       0       0       0
  1046 ;;Total ram usage:        0 bytes
  1047 ;; Hardware stack levels used: 1
  1048 ;; This function calls:
  1049 ;;		Nothing
  1050 ;; This function is called by:
  1051 ;;		_init_config
  1052 ;; This function uses a non-reentrant model
  1053 ;;
  1054                           
  1055     060A                     _init_ssd:	
  1056                           ;psect for function _init_ssd
  1057                           
  1058     060A                     l800:	
  1059                           ;incstack = 0
  1060                           ; Regs used in _init_ssd: [wreg+status,2]
  1061                           
  1062                           
  1063                           ;ssd.c: 7:     TRISD = 0x00;
  1064     060A  1683               	bsf	3,5	;RP0=1, select bank1
  1065     060B  1303               	bcf	3,6	;RP1=0, select bank1
  1066     060C  0188               	clrf	8	;volatile
  1067     060D                     l802:
  1068                           
  1069                           ;ssd.c: 10:     TRISA = TRISA & 0x03;
  1070     060D  0805               	movf	5,w	;volatile
  1071     060E  3903               	andlw	3
  1072     060F  0085               	movwf	5	;volatile
  1073     0610                     l804:
  1074                           
  1075                           ;ssd.c: 12:     PORTA = PORTA & 0x03;
  1076     0610  1283               	bcf	3,5	;RP0=0, select bank0
  1077     0611  1303               	bcf	3,6	;RP1=0, select bank0
  1078     0612  0805               	movf	5,w	;volatile
  1079     0613  3903               	andlw	3
  1080     0614  0085               	movwf	5	;volatile
  1081     0615                     l45:
  1082     0615  0008               	return
  1083     0616                     __end_of_init_ssd:
  1084                           
  1085                           	psect	text4
  1086     05F9                     __ptext4:	
  1087 ;; *************** function _init_digital_keypad *****************
  1088 ;; Defined at:
  1089 ;;		line 4 in file "digital_keypad.c"
  1090 ;; Parameters:    Size  Location     Type
  1091 ;;		None
  1092 ;; Auto vars:     Size  Location     Type
  1093 ;;		None
  1094 ;; Return value:  Size  Location     Type
  1095 ;;                  1    wreg      void 
  1096 ;; Registers used:
  1097 ;;		wreg, status,2
  1098 ;; Tracked objects:
  1099 ;;		On entry : 0/0
  1100 ;;		On exit  : 0/0
  1101 ;;		Unchanged: 0/0
  1102 ;; Data sizes:     COMMON   BANK0   BANK1   BANK3   BANK2
  1103 ;;      Params:         0       0       0       0       0
  1104 ;;      Locals:         0       0       0       0       0
  1105 ;;      Temps:          0       0       0       0       0
  1106 ;;      Totals:         0       0       0       0       0
  1107 ;;Total ram usage:        0 bytes
  1108 ;; Hardware stack levels used: 1
  1109 ;; This function calls:
  1110 ;;		Nothing
  1111 ;; This function is called by:
  1112 ;;		_init_config
  1113 ;; This function uses a non-reentrant model
  1114 ;;
  1115                           
  1116     05F9                     _init_digital_keypad:	
  1117                           ;psect for function _init_digital_keypad
  1118                           
  1119     05F9                     l806:	
  1120                           ;incstack = 0
  1121                           ; Regs used in _init_digital_keypad: [wreg+status,2]
  1122                           
  1123                           
  1124                           ;digital_keypad.c: 7:     TRISB = TRISB | 0x3F;
  1125     05F9  1683               	bsf	3,5	;RP0=1, select bank1
  1126     05FA  1303               	bcf	3,6	;RP1=0, select bank1
  1127     05FB  0806               	movf	6,w	;volatile
  1128     05FC  383F               	iorlw	63
  1129     05FD  0086               	movwf	6	;volatile
  1130     05FE                     l60:
  1131     05FE  0008               	return
  1132     05FF                     __end_of_init_digital_keypad:
  1133                           
  1134                           	psect	text5
  1135     069A                     __ptext5:	
  1136 ;; *************** function _display *****************
  1137 ;; Defined at:
  1138 ;;		line 15 in file "ssd.c"
  1139 ;; Parameters:    Size  Location     Type
  1140 ;;  data            1    wreg     PTR unsigned char 
  1141 ;;		 -> main@ssd(4), 
  1142 ;; Auto vars:     Size  Location     Type
  1143 ;;  data            1    8[COMMON] PTR unsigned char 
  1144 ;;		 -> main@ssd(4), 
  1145 ;;  wait            4    4[COMMON] unsigned long 
  1146 ;;  digit           1    9[COMMON] unsigned char 
  1147 ;; Return value:  Size  Location     Type
  1148 ;;                  1    wreg      void 
  1149 ;; Registers used:
  1150 ;;		wreg, fsr0l, fsr0h, status,2, status,0
  1151 ;; Tracked objects:
  1152 ;;		On entry : 0/0
  1153 ;;		On exit  : 0/0
  1154 ;;		Unchanged: 0/0
  1155 ;; Data sizes:     COMMON   BANK0   BANK1   BANK3   BANK2
  1156 ;;      Params:         0       0       0       0       0
  1157 ;;      Locals:         6       0       0       0       0
  1158 ;;      Temps:          4       0       0       0       0
  1159 ;;      Totals:        10       0       0       0       0
  1160 ;;Total ram usage:       10 bytes
  1161 ;; Hardware stack levels used: 1
  1162 ;; This function calls:
  1163 ;;		Nothing
  1164 ;; This function is called by:
  1165 ;;		_main
  1166 ;; This function uses a non-reentrant model
  1167 ;;
  1168                           
  1169     069A                     _display:	
  1170                           ;psect for function _display
  1171                           
  1172                           
  1173                           ;incstack = 0
  1174                           ; Regs used in _display: [wreg-fsr0h+status,2+status,0]
  1175                           ;display@data stored from wreg
  1176     069A  00F8               	movwf	display@data
  1177     069B                     l838:
  1178                           
  1179                           ;ssd.c: 15: void display(unsigned char data[]);ssd.c: 16: {;ssd.c: 17:     unsigned char
      +                           digit;;ssd.c: 19:     for (digit = 0; digit < 4; digit++)
  1180     069B  01F9               	clrf	display@digit
  1181     069C                     l844:
  1182                           
  1183                           ;ssd.c: 20:     {;ssd.c: 21:         PORTD = data[digit];
  1184     069C  0879               	movf	display@digit,w
  1185     069D  0778               	addwf	display@data,w
  1186     069E  00F0               	movwf	??_display
  1187     069F  0870               	movf	??_display,w
  1188     06A0  0084               	movwf	4
  1189     06A1  1383               	bcf	3,7	;select IRP bank0
  1190     06A2  0800               	movf	0,w
  1191     06A3  1283               	bcf	3,5	;RP0=0, select bank0
  1192     06A4  1303               	bcf	3,6	;RP1=0, select bank0
  1193     06A5  0088               	movwf	8	;volatile
  1194     06A6                     l846:
  1195                           
  1196                           ;ssd.c: 22:         PORTA = (unsigned char) ((PORTA & 0x03) | (0x04 << digit));
  1197     06A6  3004               	movlw	4
  1198     06A7  00F0               	movwf	??_display
  1199     06A8  0A79               	incf	display@digit,w
  1200     06A9  2EAC               	goto	u324
  1201     06AA                     u325:
  1202     06AA  1003               	clrc
  1203     06AB  0DF0               	rlf	??_display,f
  1204     06AC                     u324:
  1205     06AC  3EFF               	addlw	-1
  1206     06AD  1D03               	skipz
  1207     06AE  2EAA               	goto	u325
  1208     06AF  0805               	movf	5,w	;volatile
  1209     06B0  3903               	andlw	3
  1210     06B1  0470               	iorwf	??_display,w
  1211     06B2  0085               	movwf	5	;volatile
  1212     06B3                     l848:
  1213                           
  1214                           ;ssd.c: 24:         for (unsigned long int wait = 400; wait--;);
  1215     06B3  3000               	movlw	0
  1216     06B4  00F7               	movwf	display@wait+3
  1217     06B5  3000               	movlw	0
  1218     06B6  00F6               	movwf	display@wait+2
  1219     06B7  3001               	movlw	1
  1220     06B8  00F5               	movwf	display@wait+1
  1221     06B9  3090               	movlw	144
  1222     06BA  00F4               	movwf	display@wait
  1223     06BB                     l850:
  1224     06BB  3001               	movlw	1
  1225     06BC  00F0               	movwf	??_display
  1226     06BD  3000               	movlw	0
  1227     06BE  00F1               	movwf	??_display+1
  1228     06BF  3000               	movlw	0
  1229     06C0  00F2               	movwf	??_display+2
  1230     06C1  3000               	movlw	0
  1231     06C2  00F3               	movwf	??_display+3
  1232     06C3  0870               	movf	??_display,w
  1233     06C4  02F4               	subwf	display@wait,f
  1234     06C5  0871               	movf	??_display+1,w
  1235     06C6  1C03               	skipc
  1236     06C7  0F71               	incfsz	??_display+1,w
  1237     06C8  2ECA               	goto	u335
  1238     06C9  2ECB               	goto	u336
  1239     06CA                     u335:
  1240     06CA  02F5               	subwf	display@wait+1,f
  1241     06CB                     u336:
  1242     06CB  0872               	movf	??_display+2,w
  1243     06CC  1C03               	skipc
  1244     06CD  0F72               	incfsz	??_display+2,w
  1245     06CE  2ED0               	goto	u337
  1246     06CF  2ED1               	goto	u338
  1247     06D0                     u337:
  1248     06D0  02F6               	subwf	display@wait+2,f
  1249     06D1                     u338:
  1250     06D1  0873               	movf	??_display+3,w
  1251     06D2  1C03               	skipc
  1252     06D3  0F73               	incfsz	??_display+3,w
  1253     06D4  2ED6               	goto	u339
  1254     06D5  2ED7               	goto	u330
  1255     06D6                     u339:
  1256     06D6  02F7               	subwf	display@wait+3,f
  1257     06D7                     u330:
  1258     06D7  0A74               	incf	display@wait,w
  1259     06D8  1D03               	skipz
  1260     06D9  2EE4               	goto	u341
  1261     06DA  0A75               	incf	display@wait+1,w
  1262     06DB  1D03               	skipz
  1263     06DC  2EE4               	goto	u341
  1264     06DD  0A76               	incf	display@wait+2,w
  1265     06DE  1D03               	skipz
  1266     06DF  2EE4               	goto	u341
  1267     06E0  0A77               	incf	display@wait+3,w
  1268     06E1  1D03               	btfss	3,2
  1269     06E2  2EE4               	goto	u341
  1270     06E3  2EE5               	goto	u340
  1271     06E4                     u341:
  1272     06E4  2EBB               	goto	l850
  1273     06E5                     u340:
  1274     06E5                     l852:
  1275                           
  1276                           ;ssd.c: 25:     }
  1277     06E5  3001               	movlw	1
  1278     06E6  00F0               	movwf	??_display
  1279     06E7  0870               	movf	??_display,w
  1280     06E8  07F9               	addwf	display@digit,f
  1281     06E9                     l854:
  1282     06E9  3004               	movlw	4
  1283     06EA  0279               	subwf	display@digit,w
  1284     06EB  1C03               	skipc
  1285     06EC  2EEE               	goto	u351
  1286     06ED  2EEF               	goto	u350
  1287     06EE                     u351:
  1288     06EE  2E9C               	goto	l844
  1289     06EF                     u350:
  1290     06EF                     l53:
  1291     06EF  0008               	return
  1292     06F0                     __end_of_display:
  1293                           
  1294                           	psect	text6
  1295     0660                     __ptext6:	
  1296 ;; *************** function ___lwmod *****************
  1297 ;; Defined at:
  1298 ;;		line 5 in file "C:\Program Files\Microchip\xc8\v2.40\pic\sources\c90\common\lwmod.c"
  1299 ;; Parameters:    Size  Location     Type
  1300 ;;  divisor         2    0[COMMON] unsigned int 
  1301 ;;  dividend        2    2[COMMON] unsigned int 
  1302 ;; Auto vars:     Size  Location     Type
  1303 ;;  counter         1    5[COMMON] unsigned char 
  1304 ;; Return value:  Size  Location     Type
  1305 ;;                  2    0[COMMON] unsigned int 
  1306 ;; Registers used:
  1307 ;;		wreg, status,2, status,0
  1308 ;; Tracked objects:
  1309 ;;		On entry : 0/0
  1310 ;;		On exit  : 0/0
  1311 ;;		Unchanged: 0/0
  1312 ;; Data sizes:     COMMON   BANK0   BANK1   BANK3   BANK2
  1313 ;;      Params:         4       0       0       0       0
  1314 ;;      Locals:         1       0       0       0       0
  1315 ;;      Temps:          1       0       0       0       0
  1316 ;;      Totals:         6       0       0       0       0
  1317 ;;Total ram usage:        6 bytes
  1318 ;; Hardware stack levels used: 1
  1319 ;; This function calls:
  1320 ;;		Nothing
  1321 ;; This function is called by:
  1322 ;;		_main
  1323 ;; This function uses a non-reentrant model
  1324 ;;
  1325                           
  1326     0660                     ___lwmod:	
  1327                           ;psect for function ___lwmod
  1328                           
  1329     0660                     l856:	
  1330                           ;incstack = 0
  1331                           ; Regs used in ___lwmod: [wreg+status,2+status,0]
  1332                           
  1333     0660  0870               	movf	___lwmod@divisor,w
  1334     0661  0471               	iorwf	___lwmod@divisor+1,w
  1335     0662  1903               	btfsc	3,2
  1336     0663  2E65               	goto	u361
  1337     0664  2E66               	goto	u360
  1338     0665                     u361:
  1339     0665  2E95               	goto	l874
  1340     0666                     u360:
  1341     0666                     l858:
  1342     0666  01F5               	clrf	___lwmod@counter
  1343     0667  0AF5               	incf	___lwmod@counter,f
  1344     0668  2E74               	goto	l864
  1345     0669                     l860:
  1346     0669  3001               	movlw	1
  1347     066A                     u375:
  1348     066A  1003               	clrc
  1349     066B  0DF0               	rlf	___lwmod@divisor,f
  1350     066C  0DF1               	rlf	___lwmod@divisor+1,f
  1351     066D  3EFF               	addlw	-1
  1352     066E  1D03               	skipz
  1353     066F  2E6A               	goto	u375
  1354     0670                     l862:
  1355     0670  3001               	movlw	1
  1356     0671  00F4               	movwf	??___lwmod
  1357     0672  0874               	movf	??___lwmod,w
  1358     0673  07F5               	addwf	___lwmod@counter,f
  1359     0674                     l864:
  1360     0674  1FF1               	btfss	___lwmod@divisor+1,7
  1361     0675  2E77               	goto	u381
  1362     0676  2E78               	goto	u380
  1363     0677                     u381:
  1364     0677  2E69               	goto	l860
  1365     0678                     u380:
  1366     0678                     l866:
  1367     0678  0871               	movf	___lwmod@divisor+1,w
  1368     0679  0273               	subwf	___lwmod@dividend+1,w
  1369     067A  1D03               	skipz
  1370     067B  2E7E               	goto	u395
  1371     067C  0870               	movf	___lwmod@divisor,w
  1372     067D  0272               	subwf	___lwmod@dividend,w
  1373     067E                     u395:
  1374     067E  1C03               	skipc
  1375     067F  2E81               	goto	u391
  1376     0680  2E82               	goto	u390
  1377     0681                     u391:
  1378     0681  2E88               	goto	l870
  1379     0682                     u390:
  1380     0682                     l868:
  1381     0682  0870               	movf	___lwmod@divisor,w
  1382     0683  02F2               	subwf	___lwmod@dividend,f
  1383     0684  0871               	movf	___lwmod@divisor+1,w
  1384     0685  1C03               	skipc
  1385     0686  03F3               	decf	___lwmod@dividend+1,f
  1386     0687  02F3               	subwf	___lwmod@dividend+1,f
  1387     0688                     l870:
  1388     0688  3001               	movlw	1
  1389     0689                     u405:
  1390     0689  1003               	clrc
  1391     068A  0CF1               	rrf	___lwmod@divisor+1,f
  1392     068B  0CF0               	rrf	___lwmod@divisor,f
  1393     068C  3EFF               	addlw	-1
  1394     068D  1D03               	skipz
  1395     068E  2E89               	goto	u405
  1396     068F                     l872:
  1397     068F  3001               	movlw	1
  1398     0690  02F5               	subwf	___lwmod@counter,f
  1399     0691  1D03               	btfss	3,2
  1400     0692  2E94               	goto	u411
  1401     0693  2E95               	goto	u410
  1402     0694                     u411:
  1403     0694  2E78               	goto	l866
  1404     0695                     u410:
  1405     0695                     l874:
  1406     0695  0873               	movf	___lwmod@dividend+1,w
  1407     0696  00F1               	movwf	?___lwmod+1
  1408     0697  0872               	movf	___lwmod@dividend,w
  1409     0698  00F0               	movwf	?___lwmod
  1410     0699                     l438:
  1411     0699  0008               	return
  1412     069A                     __end_of___lwmod:
  1413     007E                     btemp	set	126	;btemp
  1414     007E                     wtemp0	set	126
  1415                           
  1416                           	psect	config
  1417                           
  1418                           ;Config register CONFIG @ 0x2007
  1419                           ;	Oscillator Selection bits
  1420                           ;	FOSC = 0x3, unprogrammed default
  1421                           ;	Watchdog Timer Enable bit
  1422                           ;	WDTE = OFF, WDT disabled
  1423                           ;	Power-up Timer Enable bit
  1424                           ;	PWRTE = 0x1, unprogrammed default
  1425                           ;	Brown-out Reset Enable bit
  1426                           ;	BOREN = 0x1, unprogrammed default
  1427                           ;	Low-Voltage (Single-Supply) In-Circuit Serial Programming Enable bit
  1428                           ;	LVP = 0x1, unprogrammed default
  1429                           ;	Data EEPROM Memory Code Protection bit
  1430                           ;	CPD = 0x1, unprogrammed default
  1431                           ;	Flash Program Memory Write Enable bits
  1432                           ;	WRT = 0x3, unprogrammed default
  1433                           ;	In-Circuit Debugger Mode bit
  1434                           ;	DEBUG = 0x1, unprogrammed default
  1435                           ;	Flash Program Memory Code Protection bit
  1436                           ;	CP = 0x1, unprogrammed default
  1437     2007                     	org	8199
  1438     2007  3FFB               	dw	16379

Data Sizes:
    Strings     0
    Constant    0
    Data        13
    BSS         0
    Persistent  0
    Stack       0

Auto Spaces:
    Space          Size  Autos    Used
    COMMON           14     14      14
    BANK0            80     24      37
    BANK1            80      0       0
    BANK3            96      0       0
    BANK2            96      0       0

Pointer List with Targets:

    display@data	PTR unsigned char  size(1) Largest target is 4
		 -> main@ssd(BANK0[4]), 


Critical Paths under _main in COMMON

    _main->_display

Critical Paths under _main in BANK0

    None.

Critical Paths under _main in BANK1

    None.

Critical Paths under _main in BANK3

    None.

Critical Paths under _main in BANK2

    None.

Call Graph Tables:

 ---------------------------------------------------------------------------------
 (Depth) Function   	        Calls       Base Space   Used Autos Params    Refs
 ---------------------------------------------------------------------------------
 (0) _main                                                28    28      0    1533
                                             10 COMMON     4     4      0
                                              0 BANK0     24    24      0
                            ___lwmod
                            _display
                        _init_config
                _read_digital_keypad
 ---------------------------------------------------------------------------------
 (1) _read_digital_keypad                                  2     2      0      22
                                              0 COMMON     2     2      0
 ---------------------------------------------------------------------------------
 (1) _init_config                                          0     0      0       0
                _init_digital_keypad
                           _init_ssd
 ---------------------------------------------------------------------------------
 (2) _init_ssd                                             0     0      0       0
 ---------------------------------------------------------------------------------
 (2) _init_digital_keypad                                  0     0      0       0
 ---------------------------------------------------------------------------------
 (1) _display                                             10    10      0     168
                                              0 COMMON    10    10      0
 ---------------------------------------------------------------------------------
 (1) ___lwmod                                              6     2      4     767
                                              0 COMMON     6     2      4
 ---------------------------------------------------------------------------------
 Estimated maximum stack depth 2
 ---------------------------------------------------------------------------------

 Call Graph Graphs:

 _main (ROOT)
   ___lwmod
   _display
   _init_config
     _init_digital_keypad
     _init_ssd
   _read_digital_keypad

 Address spaces:
Name               Size   Autos  Total    Cost      Usage
BANK3               60      0       0       9        0.0%
BITBANK3            60      0       0       8        0.0%
SFR3                 0      0       0       4        0.0%
BITSFR3              0      0       0       4        0.0%
BANK2               60      0       0      11        0.0%
BITBANK2            60      0       0      10        0.0%
SFR2                 0      0       0       5        0.0%
BITSFR2              0      0       0       5        0.0%
BANK1               50      0       0       7        0.0%
BITBANK1            50      0       0       6        0.0%
SFR1                 0      0       0       2        0.0%
BITSFR1              0      0       0       2        0.0%
BANK0               50     18      25       5       46.2%
BITBANK0            50      0       0       4        0.0%
SFR0                 0      0       0       1        0.0%
BITSFR0              0      0       0       1        0.0%
COMMON               E      E       E       1      100.0%
BITCOMMON            E      0       0       0        0.0%
CODE                 0      0       0       0        0.0%
DATA                 0      0      33      12        0.0%
ABS                  0      0      33       3        0.0%
NULL                 0      0       0       0        0.0%
STACK                0      0       0       2        0.0%
EEDATA             100      0       0       0        0.0%


Microchip Technology PIC Macro Assembler V2.40 build 20220703182018 
Symbol Table                                                                                   Sun Sep 11 14:05:48 2022

                          pc 0002                           l11 0609                           l30 0784  
                         l60 05FE                           l53 06EF                           l45 0615  
                         l66 065F                           fsr 0004                          l438 0699  
                        l800 060A                          l802 060D                          l810 0637  
                        l804 0610                          l820 064C                          l812 063C  
                        l900 072A                          l806 05F9                          l822 0651  
                        l830 0653                          l910 0747                          l902 0730  
                        l808 05FF                          l832 065C                          l920 0766  
                        l912 074C                          l904 0738                          l850 06BB  
                        l834 065E                          l818 0641                          l930 0799  
                        l922 0775                          l914 0751                          l906 073C  
                        l860 0669                          l852 06E5                          l844 069C  
                        l932 07B2                          l916 075E                          l924 077A  
                        l908 0746                          l870 0688                          l862 0670  
                        l854 06E9                          l846 06A6                          l838 069B  
                        l934 07CB                          l926 077F                          l918 0761  
                        l872 068F                          l864 0674                          l856 0660  
                        l848 06B3                          l936 07E4                          l928 0784  
                        l880 0705                          l866 0678                          l858 0666  
                        l874 0695                          l890 0711                          l882 0709  
                        l868 0682                          l892 071A                          l884 070A  
                        l894 0720                          l886 070B                          l878 06F0  
                        l896 0722                          l888 070C                          l898 0728  
                        u300 0651                          u301 0650                          u310 065C  
                        u311 065B                          u410 0695                          u330 06D7  
                        u411 0694                          u340 06E5                          u324 06AC  
                        u500 0751                          u420 06F8                          u405 0689  
                        u341 06E4                          u325 06AA                          u501 0750  
                        u350 06EF                          u510 075E                          u430 0720  
                        u351 06EE                          u335 06CA                          u511 075D  
                        u431 071F                          u360 0666                          u336 06CB  
                        u280 063C                          u520 0766                          u440 0728  
                        u361 0665                          u337 06D0                          u281 063B  
                        u521 0765                          u441 0727                          u338 06D1  
                        u290 064C                          u530 0775                          u450 0730  
                        u339 06D6                          u291 064B                          u531 0774  
                        u451 072F                          u380 0678                          u540 077F  
                        u460 0736                          u381 0677                          u541 077E  
                        u461 0734                          u390 0682                          u470 0737  
                        u391 0681                          u375 066A                          u480 0746  
                        u481 0745                          u490 074C                          u395 067E  
                        u491 074B                          fsr0 0004                          indf 0000  
      ??_read_digital_keypad 0070                  display@data 0078                  display@wait 0074  
                       _main 06F0                         btemp 007E                         start 0000  
                      ?_main 0070              __end_of___lwmod 069A                 ?_init_config 0070  
                      _PORTA 0005                        _PORTB 0006                        _PORTD 0008  
                      _TRISA 0085                        _TRISB 0086                        _TRISD 0088  
               display@digit 0079              __end_of_display 06F0                        main@i 0036  
                      pclath 000A                        status 0003                        wtemp0 007E  
            __initialization 07EE                 __end_of_main 07EE                       ??_main 007A  
         main@direction_flag 0033  __end_of_init_digital_keypad 05FF                    ??___lwmod 0074  
           __end_of_init_ssd 0616                    ??_display 0070      __end_of__initialization 07FC  
             __pcstackCOMMON 0070                 __pidataBANK0 0616                   __pmaintext 06F0  
__end_of_read_digital_keypad 0660                    ?_init_ssd 0070                      ___lwmod 0660  
                    __ptext1 0636                      __ptext2 05FF                      __ptext3 060A  
                    __ptext4 05F9                      __ptext5 069A                      __ptext6 0660  
                    _display 069A                      main@key 0034                      main@ssd 002E  
       end_of_initialization 07FC                   ??_init_ssd 0070          start_initialization 07EE  
                 init_fetch0 0623                  __pdataBANK0 0038                ??_init_config 0070  
                  ___latbits 0002                __pcstackBANK0 0020                     ?___lwmod 0070  
                   ?_display 0070          __end_of_init_config 060A              main@freeze_flag 0035  
                  main@digit 0020                    main@index 002C          _init_digital_keypad 05F9  
       ?_init_digital_keypad 0070                  _init_config 05FF                     _init_ssd 060A  
    read_digital_keypad@mode 0071      read_digital_keypad@once 0044                     main@F859 0038  
      ??_init_digital_keypad 0070                     main@wait 0032                     init_ram0 0627  
           ___lwmod@dividend 0072          _read_digital_keypad 0636              ___lwmod@divisor 0070  
            ___lwmod@counter 0075         ?_read_digital_keypad 0070  
